{"meta": {"version": "7.3.3", "timestamp": "2023-12-16T22:58:11.719588", "branch_coverage": true, "show_contexts": false}, "files": {"gef.py": {"executed_lines": [52, 53, 54, 55, 56, 57, 58, 59, 60, 61, 62, 63, 64, 65, 66, 67, 68, 69, 70, 71, 72, 73, 74, 75, 76, 77, 78, 79, 80, 81, 82, 83, 84, 85, 86, 89, 91, 92, 94, 97, 98, 99, 100, 101, 104, 120, 121, 130, 131, 132, 133, 135, 136, 138, 141, 142, 144, 145, 147, 148, 149, 150, 151, 152, 153, 154, 155, 156, 157, 159, 161, 162, 163, 164, 165, 168, 172, 173, 174, 175, 177, 178, 181, 184, 185, 190, 191, 193, 195, 198, 211, 212, 214, 219, 221, 222, 223, 224, 225, 226, 227, 228, 230, 233, 235, 236, 240, 241, 244, 247, 248, 251, 252, 254, 255, 256, 258, 259, 273, 274, 276, 282, 283, 284, 285, 287, 294, 300, 302, 303, 306, 308, 309, 312, 314, 315, 318, 320, 321, 324, 326, 327, 330, 332, 333, 336, 338, 339, 342, 344, 345, 350, 352, 353, 358, 360, 361, 362, 363, 364, 370, 373, 374, 375, 376, 378, 380, 383, 386, 387, 388, 389, 393, 396, 398, 399, 400, 401, 402, 403, 404, 405, 407, 408, 409, 410, 411, 413, 414, 415, 416, 417, 420, 423, 424, 425, 426, 428, 431, 433, 434, 435, 436, 438, 439, 442, 443, 444, 445, 448, 452, 455, 459, 461, 462, 463, 464, 465, 466, 467, 468, 470, 471, 472, 479, 480, 481, 483, 485, 487, 488, 491, 492, 493, 494, 495, 496, 497, 498, 500, 502, 503, 504, 505, 506, 509, 510, 511, 530, 531, 532, 533, 534, 535, 536, 537, 538, 539, 540, 541, 542, 543, 544, 545, 546, 547, 548, 549, 550, 551, 552, 553, 555, 556, 558, 560, 561, 562, 563, 564, 565, 566, 567, 570, 571, 572, 573, 574, 575, 576, 578, 579, 580, 581, 582, 583, 584, 585, 587, 588, 589, 591, 594, 595, 598, 599, 601, 602, 604, 605, 606, 607, 609, 610, 611, 614, 615, 616, 617, 618, 619, 620, 622, 623, 624, 625, 626, 627, 629, 630, 631, 632, 633, 634, 635, 636, 638, 639, 640, 641, 642, 643, 644, 646, 647, 648, 651, 652, 653, 656, 657, 659, 660, 661, 662, 663, 664, 665, 666, 668, 671, 672, 674, 675, 677, 678, 683, 684, 688, 693, 696, 697, 698, 700, 701, 703, 706, 710, 711, 714, 715, 716, 717, 718, 719, 721, 724, 726, 727, 728, 729, 731, 732, 734, 735, 738, 742, 743, 749, 750, 751, 753, 755, 756, 757, 758, 759, 760, 761, 762, 763, 764, 765, 766, 767, 769, 770, 771, 772, 773, 775, 776, 777, 778, 779, 780, 781, 782, 783, 784, 786, 787, 788, 789, 790, 791, 792, 793, 794, 795, 796, 797, 798, 799, 800, 801, 802, 803, 804, 805, 807, 808, 809, 810, 812, 814, 817, 818, 819, 820, 824, 827, 829, 831, 832, 836, 838, 841, 844, 845, 848, 851, 852, 855, 856, 860, 861, 863, 864, 865, 867, 868, 869, 870, 872, 873, 875, 876, 877, 878, 880, 881, 883, 884, 886, 889, 890, 893, 894, 895, 897, 898, 907, 908, 909, 910, 911, 912, 913, 914, 915, 916, 918, 919, 920, 921, 922, 923, 926, 927, 928, 929, 930, 932, 933, 934, 936, 937, 938, 940, 941, 942, 944, 945, 946, 948, 949, 950, 952, 953, 954, 956, 957, 958, 960, 961, 962, 964, 965, 966, 968, 969, 970, 973, 974, 975, 976, 977, 978, 979, 980, 981, 982, 983, 984, 985, 986, 987, 988, 989, 990, 991, 992, 993, 994, 995, 996, 998, 999, 1002, 1003, 1004, 1005, 1007, 1008, 1009, 1010, 1011, 1012, 1013, 1014, 1016, 1017, 1019, 1020, 1021, 1022, 1023, 1024, 1025, 1031, 1032, 1034, 1040, 1041, 1042, 1043, 1044, 1045, 1046, 1047, 1048, 1049, 1050, 1051, 1052, 1053, 1054, 1055, 1056, 1057, 1058, 1059, 1060, 1061, 1062, 1063, 1064, 1065, 1066, 1067, 1068, 1069, 1070, 1071, 1072, 1073, 1074, 1075, 1076, 1077, 1078, 1079, 1080, 1081, 1083, 1084, 1087, 1088, 1089, 1090, 1091, 1092, 1093, 1094, 1095, 1096, 1097, 1098, 1099, 1100, 1101, 1102, 1103, 1105, 1106, 1107, 1109, 1110, 1111, 1112, 1113, 1114, 1115, 1116, 1117, 1118, 1119, 1121, 1122, 1124, 1125, 1126, 1127, 1128, 1129, 1130, 1137, 1138, 1139, 1141, 1142, 1143, 1147, 1148, 1149, 1150, 1151, 1152, 1153, 1154, 1156, 1162, 1163, 1165, 1166, 1168, 1172, 1173, 1176, 1179, 1181, 1182, 1183, 1184, 1187, 1188, 1190, 1191, 1193, 1194, 1196, 1201, 1202, 1203, 1205, 1206, 1208, 1209, 1210, 1211, 1212, 1213, 1214, 1215, 1220, 1221, 1224, 1225, 1226, 1229, 1230, 1233, 1234, 1236, 1237, 1238, 1239, 1241, 1242, 1243, 1244, 1245, 1247, 1248, 1249, 1252, 1255, 1258, 1259, 1260, 1262, 1263, 1266, 1267, 1270, 1271, 1273, 1278, 1279, 1280, 1281, 1287, 1288, 1289, 1292, 1293, 1295, 1296, 1297, 1298, 1299, 1300, 1302, 1303, 1304, 1305, 1309, 1311, 1315, 1324, 1326, 1329, 1333, 1334, 1335, 1337, 1338, 1339, 1344, 1345, 1347, 1348, 1349, 1350, 1351, 1353, 1356, 1357, 1359, 1360, 1362, 1363, 1365, 1366, 1367, 1369, 1370, 1371, 1373, 1374, 1376, 1377, 1379, 1381, 1384, 1385, 1386, 1388, 1389, 1390, 1392, 1393, 1394, 1396, 1397, 1398, 1400, 1401, 1402, 1404, 1405, 1406, 1408, 1409, 1410, 1412, 1413, 1416, 1417, 1418, 1420, 1421, 1424, 1425, 1428, 1429, 1432, 1433, 1436, 1438, 1439, 1440, 1441, 1443, 1444, 1445, 1446, 1447, 1449, 1454, 1455, 1457, 1458, 1459, 1460, 1462, 1463, 1464, 1466, 1468, 1469, 1471, 1472, 1473, 1477, 1479, 1480, 1483, 1486, 1487, 1488, 1490, 1491, 1505, 1506, 1510, 1511, 1512, 1513, 1515, 1516, 1522, 1523, 1524, 1525, 1526, 1528, 1536, 1538, 1539, 1540, 1541, 1542, 1543, 1544, 1545, 1546, 1547, 1549, 1550, 1551, 1553, 1554, 1556, 1557, 1560, 1561, 1562, 1564, 1565, 1566, 1568, 1569, 1570, 1572, 1573, 1576, 1577, 1580, 1581, 1584, 1586, 1587, 1588, 1589, 1590, 1592, 1593, 1594, 1596, 1597, 1599, 1600, 1601, 1603, 1604, 1606, 1609, 1612, 1614, 1617, 1618, 1621, 1624, 1625, 1626, 1628, 1629, 1631, 1632, 1634, 1635, 1637, 1640, 1644, 1647, 1648, 1650, 1651, 1652, 1654, 1655, 1656, 1657, 1661, 1662, 1663, 1667, 1668, 1670, 1672, 1689, 1690, 1693, 1694, 1698, 1700, 1703, 1705, 1706, 1707, 1708, 1710, 1712, 1719, 1721, 1722, 1724, 1726, 1728, 1730, 1731, 1734, 1736, 1737, 1738, 1739, 1741, 1744, 1747, 1748, 1749, 1750, 1753, 1754, 1755, 1758, 1759, 1760, 1763, 1764, 1765, 1768, 1769, 1770, 1773, 1775, 1778, 1779, 1782, 1785, 1791, 1792, 1794, 1795, 1796, 1798, 1799, 1801, 1804, 1805, 1807, 1808, 1809, 1810, 1811, 1812, 1813, 1814, 1816, 1817, 1818, 1822, 1823, 1824, 1827, 1829, 1830, 1831, 1832, 1835, 1837, 1840, 1841, 1843, 1844, 1845, 1846, 1847, 1849, 1852, 1853, 1860, 1861, 1862, 1864, 1865, 1866, 1867, 1869, 1870, 1871, 1872, 1875, 1883, 1884, 1886, 1887, 1888, 1890, 1891, 1892, 1894, 1895, 1896, 1897, 1901, 1902, 1905, 1907, 1910, 1912, 1915, 1917, 1918, 1921, 1923, 1924, 1927, 1928, 1929, 1930, 1932, 1933, 1934, 1937, 1938, 1939, 1940, 1941, 1943, 1945, 1946, 1947, 1948, 1949, 1951, 1953, 1954, 1955, 1958, 1968, 1975, 1977, 1978, 1979, 1980, 1983, 1984, 1992, 1993, 1998, 1999, 2000, 2002, 2003, 2004, 2005, 2006, 2007, 2010, 2019, 2020, 2022, 2023, 2024, 2025, 2026, 2027, 2028, 2029, 2030, 2032, 2034, 2035, 2037, 2039, 2042, 2045, 2049, 2053, 2054, 2055, 2056, 2058, 2061, 2066, 2069, 2073, 2074, 2076, 2079, 2080, 2085, 2088, 2091, 2093, 2094, 2097, 2099, 2102, 2104, 2107, 2110, 2112, 2113, 2114, 2115, 2116, 2117, 2118, 2123, 2124, 2127, 2129, 2130, 2133, 2148, 2149, 2153, 2154, 2181, 2182, 2187, 2191, 2192, 2196, 2197, 2201, 2203, 2204, 2205, 2206, 2209, 2210, 2211, 2212, 2215, 2216, 2217, 2218, 2224, 2225, 2228, 2229, 2230, 2232, 2234, 2235, 2236, 2237, 2238, 2241, 2242, 2245, 2246, 2247, 2248, 2249, 2250, 2251, 2252, 2253, 2254, 2255, 2258, 2259, 2260, 2262, 2263, 2264, 2267, 2270, 2273, 2274, 2278, 2280, 2283, 2286, 2289, 2292, 2295, 2298, 2299, 2301, 2302, 2305, 2306, 2307, 2309, 2311, 2312, 2313, 2315, 2316, 2318, 2319, 2320, 2321, 2324, 2325, 2326, 2328, 2329, 2330, 2331, 2333, 2334, 2337, 2338, 2339, 2341, 2342, 2343, 2345, 2346, 2349, 2350, 2351, 2357, 2359, 2360, 2361, 2362, 2363, 2364, 2369, 2371, 2373, 2374, 2375, 2376, 2379, 2380, 2381, 2382, 2383, 2384, 2385, 2386, 2387, 2388, 2389, 2390, 2391, 2394, 2395, 2396, 2397, 2398, 2403, 2404, 2405, 2406, 2407, 2409, 2410, 2412, 2413, 2416, 2419, 2430, 2431, 2434, 2435, 2443, 2446, 2502, 2511, 2512, 2513, 2514, 2518, 2519, 2520, 2521, 2530, 2531, 2532, 2533, 2535, 2539, 2540, 2546, 2547, 2552, 2553, 2556, 2557, 2561, 2562, 2565, 2570, 2582, 2589, 2593, 2626, 2641, 2642, 2659, 2660, 2661, 2662, 2664, 2670, 2671, 2672, 2683, 2684, 2685, 2686, 2688, 2693, 2700, 2704, 2708, 2709, 2719, 2720, 2743, 2750, 2781, 2782, 2783, 2784, 2786, 2787, 2788, 2789, 2790, 2791, 2792, 2793, 2794, 2808, 2809, 2810, 2811, 2813, 2814, 2815, 2816, 2817, 2819, 2820, 2821, 2822, 2824, 2825, 2827, 2828, 2829, 2835, 2837, 2882, 2883, 2884, 2885, 2886, 2887, 2889, 2891, 2892, 2907, 2918, 2919, 2920, 2921, 2923, 2926, 2927, 2928, 2929, 2930, 2932, 2933, 2935, 2936, 2961, 2962, 2964, 2965, 2966, 2967, 2969, 2975, 2976, 2977, 2978, 2979, 2990, 2991, 2992, 2993, 2996, 3003, 3006, 3009, 3014, 3027, 3035, 3036, 3061, 3062, 3063, 3064, 3065, 3068, 3069, 3072, 3073, 3074, 3076, 3082, 3083, 3084, 3085, 3086, 3094, 3095, 3096, 3098, 3105, 3108, 3111, 3120, 3144, 3152, 3153, 3172, 3173, 3177, 3178, 3179, 3181, 3188, 3189, 3196, 3198, 3199, 3218, 3219, 3220, 3221, 3224, 3230, 3231, 3232, 3233, 3234, 3235, 3236, 3237, 3238, 3240, 3243, 3246, 3249, 3254, 3276, 3284, 3285, 3301, 3302, 3303, 3304, 3305, 3307, 3308, 3309, 3312, 3330, 3331, 3332, 3336, 3337, 3338, 3342, 3348, 3354, 3356, 3357, 3360, 3367, 3368, 3372, 3373, 3374, 3375, 3376, 3377, 3380, 3381, 3388, 3389, 3390, 3391, 3392, 3393, 3396, 3398, 3399, 3400, 3401, 3405, 3413, 3414, 3416, 3417, 3418, 3419, 3420, 3423, 3424, 3426, 3427, 3428, 3429, 3431, 3432, 3434, 3436, 3437, 3440, 3443, 3447, 3448, 3451, 3452, 3453, 3455, 3458, 3459, 3462, 3466, 3467, 3468, 3473, 3474, 3477, 3478, 3479, 3483, 3484, 3487, 3488, 3489, 3490, 3493, 3494, 3497, 3498, 3499, 3501, 3502, 3505, 3507, 3508, 3511, 3513, 3514, 3515, 3518, 3520, 3523, 3525, 3526, 3527, 3530, 3532, 3533, 3534, 3535, 3538, 3539, 3540, 3541, 3542, 3543, 3544, 3545, 3547, 3548, 3552, 3556, 3559, 3563, 3566, 3567, 3568, 3569, 3570, 3571, 3574, 3575, 3576, 3590, 3592, 3593, 3596, 3598, 3599, 3602, 3604, 3605, 3630, 3631, 3633, 3636, 3637, 3639, 3642, 3643, 3645, 3648, 3649, 3651, 3654, 3655, 3656, 3659, 3660, 3664, 3672, 3675, 3683, 3684, 3685, 3686, 3687, 3692, 3693, 3694, 3697, 3700, 3701, 3702, 3703, 3704, 3705, 3708, 3709, 3728, 3731, 3732, 3733, 3746, 3748, 3749, 3751, 3754, 3757, 3759, 3760, 3762, 3765, 3768, 3770, 3773, 3776, 3781, 3787, 3789, 3790, 3791, 3794, 3795, 3796, 3797, 3800, 3802, 3805, 3807, 3808, 3810, 3811, 3812, 3813, 3814, 3816, 3817, 3819, 3820, 3821, 3823, 3826, 3828, 3829, 3832, 3835, 3836, 3837, 3838, 3839, 3842, 3843, 3845, 3846, 3850, 3851, 3853, 3854, 3855, 3856, 3857, 3860, 3863, 3864, 3865, 3866, 3867, 3868, 3869, 3872, 3875, 3877, 3878, 3881, 3882, 3896, 3897, 3901, 3902, 3906, 3907, 3911, 3912, 3917, 3918, 3922, 3923, 3927, 3928, 3932, 3933, 3937, 3938, 3942, 3943, 3947, 3948, 3952, 3953, 3960, 3961, 3962, 3965, 3966, 3970, 3971, 3972, 3975, 3976, 3980, 3981, 3982, 3985, 3986, 3987, 3990, 3991, 3992, 3995, 3996, 3997, 4000, 4001, 4005, 4006, 4010, 4011, 4012, 4015, 4016, 4020, 4021, 4022, 4025, 4026, 4034, 4035, 4037, 4040, 4041, 4043, 4044, 4046, 4047, 4050, 4052, 4053, 4056, 4057, 4062, 4065, 4066, 4067, 4068, 4070, 4083, 4084, 4085, 4086, 4087, 4088, 4089, 4091, 4092, 4093, 4094, 4095, 4097, 4100, 4101, 4102, 4103, 4104, 4105, 4107, 4108, 4113, 4114, 4116, 4117, 4118, 4119, 4121, 4122, 4123, 4124, 4125, 4127, 4128, 4129, 4131, 4134, 4135, 4138, 4144, 4152, 4153, 4155, 4156, 4157, 4158, 4159, 4161, 4162, 4163, 4164, 4165, 4168, 4169, 4171, 4172, 4173, 4174, 4175, 4176, 4178, 4179, 4180, 4184, 4185, 4186, 4189, 4199, 4209, 4211, 4213, 4214, 4215, 4216, 4217, 4219, 4233, 4234, 4237, 4238, 4240, 4241, 4242, 4243, 4245, 4246, 4247, 4248, 4249, 4252, 4253, 4255, 4256, 4257, 4258, 4259, 4260, 4262, 4263, 4264, 4268, 4269, 4277, 4279, 4281, 4283, 4289, 4291, 4294, 4295, 4297, 4298, 4299, 4300, 4302, 4303, 4304, 4305, 4306, 4307, 4308, 4309, 4311, 4312, 4321, 4332, 4334, 4335, 4347, 4349, 4350, 4352, 4353, 4356, 4357, 4359, 4360, 4361, 4362, 4363, 4365, 4366, 4367, 4368, 4369, 4372, 4373, 4375, 4376, 4377, 4378, 4379, 4380, 4382, 4402, 4403, 4405, 4406, 4407, 4408, 4410, 4411, 4412, 4415, 4416, 4418, 4419, 4420, 4421, 4422, 4424, 4434, 4459, 4460, 4464, 4465, 4469, 4470, 4476, 4478, 4479, 4480, 4481, 4482, 4483, 4485, 4486, 4487, 4488, 4489, 4490, 4495, 4496, 4498, 4499, 4500, 4502, 4503, 4504, 4505, 4508, 4509, 4510, 4511, 4512, 4513, 4514, 4515, 4516, 4517, 4518, 4519, 4520, 4521, 4522, 4523, 4524, 4525, 4527, 4528, 4529, 4530, 4531, 4532, 4535, 4536, 4539, 4541, 4542, 4543, 4545, 4548, 4549, 4551, 4552, 4554, 4555, 4556, 4558, 4559, 4560, 4561, 4563, 4564, 4566, 4568, 4569, 4572, 4573, 4574, 4576, 4577, 4580, 4581, 4583, 4584, 4587, 4589, 4590, 4591, 4592, 4593, 4594, 4596, 4598, 4599, 4600, 4602, 4603, 4606, 4610, 4611, 4612, 4613, 4614, 4616, 4617, 4618, 4619, 4620, 4623, 4624, 4625, 4627, 4628, 4629, 4631, 4632, 4633, 4634, 4635, 4637, 4638, 4639, 4640, 4645, 4646, 4647, 4648, 4650, 4651, 4652, 4655, 4656, 4657, 4659, 4660, 4662, 4663, 4664, 4670, 4672, 4673, 4674, 4675, 4677, 4678, 4680, 4687, 4688, 4689, 4691, 4692, 4694, 4695, 4699, 4700, 4701, 4703, 4704, 4705, 4706, 4707, 4709, 4710, 4711, 4712, 4713, 4715, 4717, 4718, 4719, 4720, 4721, 4722, 4723, 4726, 4727, 4728, 4731, 4732, 4736, 4742, 4743, 4746, 4747, 4748, 4750, 4751, 4753, 4754, 4755, 4757, 4758, 4759, 4760, 4763, 4764, 4765, 4767, 4768, 4770, 4771, 4772, 4773, 4777, 4778, 4781, 4786, 4788, 4789, 4790, 4791, 4792, 4795, 4796, 4797, 4799, 4800, 4802, 4803, 4804, 4805, 4807, 4809, 4813, 4814, 4817, 4818, 4821, 4822, 4823, 4825, 4826, 4828, 4829, 4831, 4832, 4837, 4840, 4843, 4844, 4846, 4848, 4851, 4852, 4855, 4856, 4857, 4859, 4860, 4862, 4864, 4865, 4869, 4873, 4877, 4878, 4879, 4880, 4881, 4882, 4883, 4884, 4887, 4888, 4890, 4891, 4895, 4898, 4899, 4900, 4902, 4903, 4905, 4922, 4923, 4924, 4926, 4927, 4929, 4946, 4947, 4948, 4950, 4951, 4952, 4955, 4956, 4957, 4958, 4959, 4961, 4962, 4963, 4965, 4966, 4967, 4968, 4969, 4971, 4972, 4973, 4974, 4975, 4976, 4977, 4978, 4981, 4983, 4984, 4985, 4986, 4987, 4988, 4992, 4993, 4994, 4995, 5000, 5002, 5003, 5004, 5005, 5006, 5009, 5012, 5013, 5014, 5016, 5017, 5019, 5020, 5021, 5023, 5024, 5028, 5029, 5033, 5034, 5035, 5038, 5039, 5040, 5043, 5044, 5045, 5047, 5048, 5049, 5051, 5052, 5053, 5054, 5055, 5056, 5057, 5058, 5059, 5061, 5062, 5063, 5064, 5065, 5066, 5067, 5068, 5070, 5071, 5072, 5074, 5075, 5077, 5078, 5079, 5080, 5081, 5082, 5084, 5085, 5086, 5087, 5088, 5091, 5093, 5094, 5095, 5096, 5097, 5098, 5100, 5102, 5103, 5104, 5105, 5106, 5107, 5115, 5116, 5117, 5119, 5120, 5121, 5125, 5126, 5127, 5128, 5129, 5131, 5132, 5133, 5134, 5135, 5136, 5137, 5140, 5142, 5146, 5148, 5163, 5167, 5168, 5169, 5170, 5171, 5172, 5194, 5195, 5196, 5198, 5199, 5201, 5202, 5203, 5204, 5205, 5206, 5207, 5208, 5209, 5210, 5211, 5212, 5213, 5214, 5215, 5216, 5217, 5218, 5219, 5220, 5222, 5223, 5224, 5226, 5227, 5228, 5229, 5230, 5231, 5233, 5234, 5235, 5236, 5238, 5239, 5240, 5241, 5243, 5244, 5245, 5248, 5249, 5250, 5251, 5252, 5253, 5254, 5256, 5258, 5260, 5261, 5263, 5264, 5265, 5266, 5267, 5268, 5269, 5270, 5271, 5272, 5273, 5275, 5277, 5278, 5279, 5280, 5281, 5282, 5283, 5285, 5287, 5292, 5293, 5295, 5296, 5302, 5303, 5306, 5307, 5308, 5309, 5310, 5311, 5313, 5319, 5320, 5321, 5322, 5323, 5325, 5327, 5329, 5331, 5332, 5333, 5334, 5335, 5336, 5337, 5339, 5340, 5354, 5355, 5356, 5357, 5358, 5359, 5361, 5362, 5363, 5364, 5366, 5368, 5369, 5370, 5371, 5372, 5373, 5375, 5378, 5379, 5380, 5381, 5382, 5385, 5386, 5387, 5390, 5393, 5395, 5396, 5397, 5398, 5400, 5401, 5402, 5403, 5404, 5405, 5406, 5408, 5415, 5416, 5417, 5419, 5420, 5421, 5422, 5424, 5425, 5426, 5427, 5428, 5430, 5431, 5432, 5433, 5434, 5436, 5437, 5443, 5444, 5446, 5447, 5448, 5449, 5452, 5453, 5454, 5461, 5462, 5464, 5465, 5466, 5467, 5468, 5469, 5470, 5471, 5473, 5474, 5475, 5476, 5477, 5478, 5480, 5482, 5483, 5484, 5486, 5487, 5488, 5490, 5491, 5492, 5493, 5494, 5495, 5497, 5498, 5499, 5501, 5502, 5503, 5504, 5507, 5508, 5509, 5511, 5512, 5514, 5515, 5516, 5518, 5520, 5521, 5522, 5523, 5524, 5525, 5526, 5527, 5528, 5531, 5532, 5533, 5535, 5536, 5537, 5539, 5540, 5541, 5543, 5544, 5548, 5549, 5550, 5551, 5552, 5553, 5555, 5556, 5559, 5560, 5561, 5563, 5564, 5565, 5567, 5568, 5569, 5571, 5580, 5592, 5605, 5606, 5607, 5609, 5610, 5611, 5613, 5614, 5615, 5670, 5676, 5677, 5678, 5681, 5682, 5683, 5684, 5686, 5687, 5688, 5692, 5693, 5695, 5698, 5699, 5701, 5704, 5705, 5707, 5711, 5715, 5716, 5717, 5718, 5719, 5721, 5722, 5724, 5725, 5726, 5730, 5731, 5732, 5733, 5734, 5735, 5736, 5737, 5741, 5744, 5745, 5746, 5749, 5750, 5751, 5752, 5757, 5758, 5759, 5760, 5761, 5763, 5764, 5765, 5766, 5768, 5769, 5770, 5771, 5773, 5774, 5775, 5777, 5779, 5780, 5781, 5783, 5784, 5785, 5789, 5790, 5794, 5795, 5796, 5797, 5798, 5800, 5801, 5802, 5804, 5806, 5808, 5811, 5812, 5814, 5815, 5816, 5820, 5821, 5824, 5825, 5826, 5827, 5828, 5829, 5830, 5831, 5833, 5835, 5837, 5839, 5841, 5842, 5843, 5844, 5846, 5847, 5848, 5850, 5851, 5852, 5853, 5854, 5855, 5857, 5858, 5860, 5861, 5862, 5863, 5867, 5868, 5869, 5871, 5872, 5874, 5875, 5877, 5879, 5880, 5882, 5886, 5892, 5911, 5912, 5913, 5916, 5917, 5918, 5920, 5921, 5922, 5923, 5926, 5927, 5931, 5932, 5935, 5936, 5938, 5942, 5946, 5947, 5948, 5949, 5950, 5951, 5952, 5954, 5956, 5958, 5959, 5962, 5963, 5964, 5970, 5971, 5972, 5976, 5977, 5978, 5980, 5981, 5982, 5987, 5988, 5993, 5994, 5995, 5996, 5997, 6007, 6008, 6010, 6011, 6013, 6016, 6017, 6018, 6019, 6022, 6023, 6024, 6026, 6027, 6031, 6036, 6037, 6038, 6040, 6041, 6042, 6043, 6044, 6045, 6047, 6048, 6049, 6051, 6052, 6053, 6056, 6057, 6058, 6061, 6062, 6068, 6076, 6077, 6078, 6080, 6081, 6082, 6083, 6084, 6085, 6086, 6087, 6088, 6089, 6091, 6092, 6093, 6095, 6096, 6097, 6098, 6099, 6101, 6102, 6103, 6104, 6105, 6106, 6107, 6109, 6110, 6113, 6114, 6115, 6117, 6118, 6119, 6120, 6121, 6122, 6123, 6125, 6127, 6128, 6131, 6132, 6133, 6135, 6136, 6137, 6142, 6143, 6145, 6148, 6149, 6150, 6153, 6154, 6157, 6159, 6160, 6161, 6163, 6164, 6165, 6166, 6167, 6168, 6169, 6172, 6173, 6174, 6176, 6177, 6179, 6180, 6181, 6183, 6184, 6189, 6190, 6191, 6193, 6194, 6195, 6197, 6198, 6199, 6201, 6202, 6203, 6206, 6208, 6212, 6216, 6217, 6222, 6223, 6225, 6229, 6232, 6233, 6234, 6236, 6237, 6239, 6240, 6241, 6242, 6243, 6246, 6247, 6248, 6251, 6252, 6254, 6255, 6256, 6258, 6259, 6260, 6261, 6262, 6267, 6268, 6270, 6271, 6272, 6275, 6276, 6277, 6278, 6280, 6281, 6284, 6286, 6287, 6290, 6291, 6292, 6295, 6296, 6297, 6300, 6301, 6302, 6303, 6305, 6306, 6307, 6308, 6309, 6310, 6311, 6312, 6313, 6314, 6315, 6316, 6317, 6322, 6323, 6324, 6327, 6329, 6330, 6331, 6333, 6334, 6335, 6337, 6339, 6340, 6341, 6342, 6343, 6344, 6346, 6348, 6352, 6353, 6354, 6355, 6356, 6359, 6360, 6361, 6364, 6365, 6366, 6368, 6369, 6370, 6372, 6373, 6387, 6388, 6389, 6391, 6392, 6396, 6398, 6401, 6403, 6404, 6405, 6406, 6408, 6410, 6411, 6412, 6413, 6414, 6415, 6417, 6418, 6419, 6422, 6423, 6424, 6427, 6428, 6430, 6432, 6433, 6434, 6436, 6437, 6439, 6443, 6444, 6449, 6450, 6451, 6452, 6456, 6458, 6459, 6460, 6462, 6464, 6465, 6469, 6470, 6471, 6472, 6473, 6474, 6475, 6478, 6479, 6480, 6482, 6483, 6484, 6485, 6487, 6491, 6493, 6494, 6495, 6497, 6502, 6503, 6504, 6505, 6506, 6507, 6508, 6510, 6511, 6513, 6514, 6516, 6517, 6519, 6522, 6533, 6535, 6536, 6541, 6542, 6544, 6548, 6559, 6563, 6567, 6568, 6570, 6571, 6572, 6575, 6576, 6577, 6580, 6581, 6583, 6584, 6585, 6587, 6588, 6589, 6590, 6591, 6593, 6594, 6598, 6599, 6600, 6602, 6603, 6607, 6608, 6609, 6610, 6611, 6613, 6614, 6615, 6616, 6618, 6619, 6620, 6624, 6627, 6629, 6630, 6631, 6637, 6638, 6641, 6642, 6643, 6646, 6647, 6649, 6650, 6651, 6653, 6654, 6655, 6656, 6657, 6660, 6661, 6662, 6663, 6664, 6665, 6668, 6669, 6670, 6672, 6673, 6675, 6676, 6677, 6679, 6680, 6681, 6682, 6683, 6687, 6688, 6689, 6690, 6691, 6692, 6694, 6695, 6696, 6697, 6700, 6701, 6702, 6704, 6705, 6707, 6708, 6709, 6711, 6712, 6713, 6714, 6715, 6719, 6720, 6721, 6722, 6723, 6724, 6726, 6727, 6728, 6729, 6732, 6733, 6734, 6736, 6737, 6738, 6740, 6741, 6742, 6743, 6744, 6747, 6748, 6751, 6752, 6753, 6754, 6755, 6756, 6757, 6759, 6760, 6762, 6763, 6764, 6767, 6768, 6769, 6771, 6772, 6773, 6776, 6777, 6778, 6779, 6780, 6781, 6782, 6784, 6785, 6786, 6787, 6788, 6789, 6792, 6793, 6794, 6795, 6796, 6798, 6799, 6800, 6803, 6805, 6810, 6811, 6812, 6813, 6815, 6818, 6819, 6820, 6821, 6823, 6825, 6826, 6827, 6828, 6830, 6831, 6832, 6834, 6835, 6837, 6838, 6839, 6840, 6843, 6844, 6845, 6846, 6847, 6848, 6849, 6850, 6852, 6854, 6855, 6856, 6859, 6860, 6861, 6864, 6865, 6867, 6868, 6869, 6871, 6872, 6873, 6874, 6877, 6878, 6879, 6881, 6882, 6883, 6885, 6886, 6888, 6889, 6894, 6895, 6897, 6899, 6901, 6902, 6906, 6909, 6910, 6912, 6913, 6914, 6915, 6916, 6917, 6918, 6919, 6920, 6922, 6923, 6926, 6927, 6928, 6930, 6931, 6932, 6934, 6935, 6937, 6938, 6943, 6948, 6949, 6951, 6952, 6953, 6954, 6955, 6956, 6958, 6959, 6960, 6961, 6962, 6963, 6964, 6967, 6968, 6969, 6972, 6973, 6974, 6975, 6977, 6978, 6979, 6980, 6982, 6983, 6984, 6985, 6986, 6987, 6988, 6990, 6991, 6992, 6994, 6995, 6997, 6998, 6999, 7000, 7001, 7003, 7008, 7009, 7011, 7013, 7014, 7015, 7017, 7018, 7019, 7021, 7022, 7023, 7025, 7027, 7029, 7032, 7033, 7034, 7037, 7038, 7039, 7041, 7042, 7043, 7045, 7046, 7047, 7049, 7053, 7054, 7057, 7058, 7063, 7080, 7081, 7083, 7084, 7086, 7089, 7090, 7091, 7093, 7096, 7097, 7098, 7101, 7102, 7103, 7105, 7107, 7110, 7111, 7112, 7116, 7117, 7118, 7120, 7121, 7122, 7123, 7125, 7126, 7127, 7131, 7135, 7136, 7137, 7139, 7140, 7142, 7143, 7144, 7145, 7146, 7147, 7148, 7173, 7178, 7190, 7191, 7192, 7194, 7195, 7196, 7197, 7199, 7200, 7201, 7203, 7204, 7205, 7206, 7211, 7212, 7215, 7216, 7217, 7222, 7223, 7224, 7226, 7228, 7229, 7230, 7231, 7232, 7233, 7234, 7235, 7236, 7237, 7238, 7239, 7240, 7241, 7242, 7243, 7244, 7245, 7246, 7247, 7248, 7249, 7250, 7251, 7252, 7254, 7267, 7268, 7270, 7271, 7272, 7273, 7275, 7276, 7278, 7279, 7280, 7281, 7282, 7284, 7289, 7291, 7292, 7293, 7294, 7296, 7300, 7303, 7305, 7308, 7310, 7311, 7314, 7315, 7316, 7318, 7319, 7320, 7323, 7325, 7333, 7335, 7336, 7338, 7340, 7342, 7344, 7347, 7348, 7351, 7352, 7353, 7355, 7356, 7357, 7361, 7362, 7364, 7365, 7367, 7368, 7369, 7372, 7373, 7374, 7375, 7376, 7438, 7439, 7441, 7442, 7444, 7445, 7446, 7450, 7455, 7457, 7458, 7460, 7461, 7462, 7463, 7464, 7465, 7466, 7467, 7468, 7470, 7471, 7473, 7475, 7478, 7479, 7480, 7481, 7482, 7484, 7485, 7487, 7488, 7490, 7491, 7493, 7494, 7496, 7505, 7507, 7508, 7511, 7513, 7515, 7516, 7517, 7521, 7526, 7527, 7528, 7530, 7531, 7532, 7533, 7568, 7588, 7650, 7651, 7652, 7654, 7655, 7656, 7657, 7658, 7660, 7661, 7664, 7665, 7666, 7668, 7669, 7671, 7672, 7673, 7674, 7676, 7677, 7678, 7680, 7681, 7682, 7687, 7688, 7689, 7690, 7692, 7693, 7696, 7698, 7699, 7701, 7702, 7703, 7704, 7705, 7706, 7707, 7708, 7710, 7711, 7712, 7713, 7714, 7715, 7717, 7718, 7719, 7720, 7721, 7722, 7723, 7724, 7725, 7726, 7727, 7735, 7736, 7740, 7741, 7742, 7744, 7745, 7748, 7750, 7751, 7753, 7754, 7758, 7762, 7763, 7764, 7765, 7769, 7770, 7771, 7773, 7774, 7775, 7778, 7779, 7780, 7781, 7782, 7783, 7784, 7787, 7789, 7790, 7791, 7792, 7795, 7796, 7797, 7801, 7803, 7805, 7806, 7807, 7808, 7811, 7812, 7814, 7815, 7816, 7817, 7820, 7821, 7822, 7823, 7824, 7826, 7828, 7829, 7830, 7835, 7837, 7838, 7839, 7842, 7845, 7849, 7850, 7852, 7853, 7854, 7855, 7856, 7858, 7859, 7860, 7861, 7862, 7865, 7866, 7867, 7871, 7876, 7877, 7879, 7880, 7881, 7883, 7884, 7885, 7887, 7888, 7889, 7890, 7893, 7895, 7896, 7897, 7898, 7899, 7902, 7904, 7905, 7906, 7907, 7908, 7909, 7910, 7911, 7913, 7914, 7915, 7918, 7919, 7920, 7921, 7922, 7924, 7925, 7926, 7928, 7929, 7934, 7935, 7936, 7937, 7938, 7939, 7942, 7943, 7944, 7946, 7947, 7948, 7952, 7953, 7954, 7956, 7957, 7958, 7963, 7965, 7966, 7968, 7969, 7970, 7973, 7974, 7975, 7976, 7977, 7978, 7981, 7982, 7983, 7985, 7986, 7987, 7991, 7992, 7993, 7994, 7997, 8000, 8001, 8002, 8003, 8004, 8006, 8007, 8008, 8009, 8010, 8013, 8014, 8015, 8016, 8017, 8019, 8020, 8021, 8022, 8023, 8031, 8032, 8033, 8035, 8036, 8037, 8039, 8040, 8041, 8042, 8043, 8044, 8046, 8047, 8048, 8049, 8050, 8054, 8055, 8056, 8057, 8059, 8060, 8061, 8062, 8063, 8065, 8066, 8068, 8069, 8071, 8072, 8073, 8075, 8076, 8078, 8079, 8081, 8087, 8088, 8089, 8090, 8092, 8093, 8094, 8095, 8096, 8097, 8098, 8099, 8100, 8102, 8104, 8106, 8109, 8110, 8111, 8113, 8114, 8115, 8117, 8118, 8119, 8120, 8123, 8124, 8125, 8127, 8128, 8129, 8131, 8132, 8133, 8134, 8137, 8138, 8139, 8141, 8142, 8143, 8145, 8146, 8147, 8148, 8151, 8152, 8153, 8155, 8156, 8157, 8159, 8160, 8161, 8162, 8165, 8166, 8167, 8169, 8170, 8172, 8179, 8180, 8181, 8182, 8184, 8185, 8186, 8187, 8188, 8192, 8196, 8197, 8198, 8200, 8201, 8202, 8203, 8204, 8209, 8210, 8211, 8212, 8213, 8214, 8215, 8218, 8219, 8220, 8222, 8223, 8224, 8226, 8227, 8228, 8229, 8232, 8233, 8234, 8236, 8237, 8238, 8240, 8241, 8242, 8243, 8246, 8247, 8248, 8250, 8251, 8252, 8254, 8255, 8256, 8257, 8260, 8261, 8262, 8264, 8265, 8266, 8268, 8269, 8270, 8271, 8274, 8275, 8276, 8278, 8279, 8280, 8282, 8283, 8284, 8285, 8289, 8290, 8292, 8293, 8298, 8299, 8302, 8303, 8304, 8307, 8308, 8309, 8310, 8311, 8312, 8314, 8315, 8316, 8317, 8318, 8320, 8324, 8325, 8327, 8328, 8330, 8331, 8332, 8333, 8334, 8337, 8338, 8339, 8340, 8341, 8342, 8344, 8345, 8346, 8347, 8348, 8349, 8350, 8352, 8354, 8355, 8358, 8359, 8360, 8362, 8365, 8366, 8367, 8370, 8371, 8372, 8373, 8375, 8376, 8377, 8378, 8380, 8381, 8382, 8383, 8385, 8386, 8388, 8389, 8390, 8391, 8392, 8393, 8397, 8399, 8400, 8401, 8402, 8404, 8405, 8406, 8408, 8409, 8411, 8412, 8413, 8414, 8415, 8417, 8418, 8420, 8421, 8423, 8424, 8425, 8427, 8431, 8440, 8441, 8442, 8443, 8445, 8446, 8448, 8449, 8451, 8452, 8454, 8457, 8458, 8459, 8462, 8463, 8465, 8466, 8468, 8469, 8470, 8471, 8474, 8475, 8476, 8478, 8480, 8481, 8483, 8484, 8485, 8486, 8487, 8499, 8500, 8501, 8504, 8505, 8507, 8508, 8509, 8512, 8513, 8514, 8517, 8518, 8519, 8521, 8522, 8523, 8524, 8528, 8529, 8531, 8533, 8534, 8536, 8537, 8538, 8539, 8540, 8541, 8542, 8546, 8548, 8549, 8550, 8551, 8552, 8554, 8555, 8557, 8562, 8565, 8567, 8568, 8570, 8571, 8573, 8574, 8575, 8576, 8578, 8582, 8584, 8585, 8586, 8587, 8588, 8592, 8593, 8594, 8599, 8600, 8601, 8603, 8604, 8605, 8606, 8607, 8609, 8610, 8612, 8613, 8619, 8625, 8626, 8629, 8630, 8631, 8633, 8634, 8635, 8637, 8638, 8639, 8641, 8642, 8643, 8644, 8645, 8646, 8648, 8649, 8650, 8651, 8652, 8656, 8658, 8659, 8660, 8664, 8665, 8667, 8668, 8675, 8680, 8681, 8688, 8691, 8692, 8693, 8696, 8697, 8699, 8700, 8701, 8703, 8708, 8709, 8710, 8713, 8714, 8715, 8717, 8718, 8719, 8723, 8724, 8725, 8726, 8727, 8729, 8730, 8732, 8733, 8734, 8737, 8738, 8739, 8742, 8743, 8744, 8746, 8747, 8748, 8752, 8753, 8754, 8755, 8756, 8757, 8758, 8759, 8762, 8763, 8764, 8768, 8769, 8770, 8772, 8773, 8774, 8775, 8776, 8778, 8779, 8780, 8784, 8787, 8789, 8790, 8791, 8796, 8797, 8799, 8800, 8801, 8802, 8803, 8804, 8805, 8807, 8808, 8809, 8810, 8811, 8812, 8813, 8814, 8815, 8816, 8818, 8819, 8820, 8822, 8830, 8831, 8832, 8834, 8835, 8837, 8839, 8840, 8842, 8843, 8847, 8849, 8852, 8853, 8854, 8858, 8859, 8861, 8862, 8863, 8864, 8866, 8871, 8872, 8873, 8877, 8878, 8879, 8881, 8882, 8883, 8884, 8885, 8886, 8887, 8888, 8889, 8890, 8893, 8894, 8895, 8900, 8901, 8902, 8905, 8907, 8908, 8909, 8910, 8911, 8915, 8916, 8917, 8920, 8921, 8923, 8924, 8927, 8928, 8929, 8930, 8931, 8933, 8934, 8935, 8936, 8939, 8940, 8942, 8943, 8944, 8945, 8946, 8948, 8950, 8951, 8956, 8957, 8960, 8961, 8962, 8970, 8971, 8972, 8974, 8975, 8976, 8978, 8979, 8981, 8982, 8983, 8995, 8996, 8997, 8999, 9000, 9001, 9002, 9003, 9004, 9005, 9009, 9011, 9012, 9013, 9014, 9017, 9020, 9021, 9022, 9024, 9025, 9026, 9028, 9029, 9030, 9032, 9034, 9036, 9037, 9038, 9040, 9044, 9045, 9047, 9048, 9049, 9050, 9053, 9054, 9055, 9056, 9058, 9066, 9067, 9069, 9071, 9072, 9075, 9076, 9077, 9079, 9082, 9083, 9086, 9089, 9092, 9094, 9095, 9096, 9097, 9100, 9101, 9102, 9103, 9104, 9105, 9107, 9108, 9109, 9111, 9115, 9116, 9117, 9118, 9119, 9120, 9122, 9133, 9137, 9138, 9139, 9140, 9141, 9142, 9144, 9148, 9149, 9150, 9151, 9152, 9153, 9154, 9156, 9157, 9160, 9161, 9162, 9165, 9166, 9167, 9168, 9169, 9170, 9177, 9179, 9187, 9188, 9189, 9193, 9194, 9195, 9197, 9198, 9206, 9208, 9209, 9210, 9211, 9212, 9214, 9216, 9219, 9220, 9221, 9228, 9229, 9231, 9232, 9233, 9234, 9235, 9236, 9237, 9239, 9240, 9241, 9242, 9243, 9245, 9246, 9247, 9248, 9249, 9250, 9256, 9257, 9258, 9259, 9260, 9261, 9262, 9263, 9265, 9266, 9268, 9270, 9274, 9275, 9277, 9295, 9298, 9299, 9300, 9301, 9302, 9303, 9306, 9308, 9310, 9311, 9313, 9314, 9315, 9317, 9318, 9320, 9321, 9327, 9328, 9333, 9334, 9336, 9337, 9338, 9340, 9341, 9343, 9344, 9345, 9346, 9348, 9349, 9350, 9351, 9352, 9353, 9355, 9359, 9360, 9361, 9362, 9363, 9365, 9366, 9367, 9370, 9373, 9374, 9375, 9376, 9377, 9379, 9380, 9381, 9385, 9388, 9389, 9390, 9392, 9393, 9394, 9396, 9397, 9398, 9399, 9400, 9401, 9406, 9407, 9408, 9409, 9413, 9416, 9417, 9418, 9419, 9420, 9421, 9423, 9424, 9425, 9427, 9430, 9431, 9432, 9433, 9434, 9435, 9437, 9438, 9439, 9441, 9444, 9445, 9446, 9447, 9448, 9450, 9451, 9452, 9453, 9454, 9456, 9458, 9459, 9461, 9462, 9463, 9464, 9465, 9466, 9467, 9469, 9472, 9473, 9474, 9475, 9477, 9479, 9480, 9482, 9483, 9484, 9485, 9486, 9487, 9489, 9490, 9491, 9492, 9494, 9495, 9501, 9502, 9504, 9505, 9507, 9508, 9509, 9510, 9511, 9512, 9513, 9514, 9515, 9516, 9517, 9518, 9519, 9520, 9521, 9522, 9524, 9525, 9526, 9527, 9529, 9530, 9534, 9535, 9539, 9540, 9544, 9545, 9547, 9548, 9549, 9550, 9551, 9552, 9553, 9556, 9557, 9559, 9560, 9569, 9570, 9571, 9572, 9573, 9574, 9575, 9576, 9589, 9590, 9603, 9605, 9606, 9607, 9608, 9610, 9611, 9612, 9613, 9615, 9632, 9634, 9635, 9636, 9637, 9638, 9639, 9642, 9643, 9644, 9645, 9646, 9649, 9650, 9651, 9652, 9653, 9656, 9657, 9658, 9659, 9661, 9662, 9667, 9668, 9671, 9672, 9676, 9677, 9682, 9683, 9687, 9690, 9691, 9692, 9693, 9695, 9696, 9697, 9698, 9699, 9700, 9702, 9703, 9704, 9705, 9706, 9708, 9710, 9711, 9713, 9714, 9715, 9716, 9717, 9718, 9720, 9722, 9723, 9725, 9726, 9727, 9728, 9729, 9730, 9732, 9735, 9738, 9739, 9740, 9743, 9744, 9750, 9751, 9753, 9754, 9755, 9757, 9758, 9759, 9760, 9762, 9766, 9767, 9768, 9769, 9771, 9772, 9773, 9774, 9775, 9776, 9777, 9781, 9783, 9784, 9786, 9787, 9788, 9789, 9791, 9794, 9795, 9796, 9797, 9799, 9801, 9803, 9804, 9805, 9806, 9808, 9809, 9810, 9811, 9813, 9815, 9817, 9821, 9822, 9823, 9827, 9831, 9832, 9833, 9834, 9835, 9836, 9837, 9839, 9841, 9842, 9843, 9844, 9846, 9847, 9848, 9849, 9851, 9852, 9854, 9869, 9870, 9872, 9873, 9875, 9876, 9877, 9879, 9880, 9881, 9882, 9885, 9886, 9887, 9889, 9890, 9891, 9893, 9896, 9897, 9898, 9900, 9901, 9903, 9904, 9907, 9908, 9910, 9911, 9913, 9914, 9915, 9916, 9918, 9925, 9926, 9927, 9929, 9930, 9932, 9933, 9934, 9937, 9940, 9941, 9942, 9943, 9946, 9947, 9948, 9949, 9951, 9953, 9956, 9957, 9961, 9962, 9964, 9965, 9966, 9968, 9980, 9981, 9982, 9983, 9985, 9986, 9987, 9989, 9990, 9991, 9992, 9993, 9994, 9995, 9996, 10000, 10001, 10004, 10005, 10007, 10008, 10010, 10011, 10012, 10014, 10026, 10027, 10029, 10030, 10031, 10034, 10035, 10037, 10038, 10039, 10040, 10041, 10042, 10043, 10044, 10046, 10049, 10050, 10051, 10053, 10054, 10055, 10057, 10059, 10060, 10061, 10063, 10066, 10067, 10068, 10070, 10071, 10073, 10074, 10075, 10077, 10082, 10083, 10084, 10086, 10087, 10088, 10090, 10091, 10092, 10094, 10095, 10098, 10099, 10102, 10103, 10104, 10106, 10107, 10109, 10110, 10111, 10113, 10115, 10118, 10119, 10120, 10124, 10125, 10128, 10129, 10130, 10132, 10133, 10135, 10136, 10137, 10139, 10140, 10141, 10142, 10143, 10146, 10147, 10149, 10150, 10151, 10152, 10154, 10170, 10187, 10216, 10217, 10219, 10220, 10222, 10223, 10224, 10225, 10227, 10228, 10229, 10233, 10235, 10239, 10240, 10244, 10245, 10246, 10248, 10251, 10252, 10253, 10254, 10255, 10256, 10257, 10261, 10262, 10263, 10265, 10266, 10267, 10268, 10269, 10270, 10277, 10288, 10289, 10291, 10292, 10293, 10294, 10295, 10297, 10298, 10299, 10302, 10303, 10304, 10305, 10306, 10308, 10309, 10310, 10311, 10313, 10315, 10316, 10318, 10320, 10322, 10324, 10325, 10326, 10327, 10329, 10334, 10335, 10337, 10338, 10342, 10343, 10345, 10346, 10351, 10352, 10353, 10354, 10355, 10357, 10359, 10360, 10361, 10362, 10364, 10365, 10366, 10367, 10368, 10370, 10372, 10373, 10378, 10379, 10380, 10381, 10383, 10385, 10386, 10387, 10388, 10389, 10390, 10391, 10392, 10393, 10394, 10395, 10396, 10398, 10399, 10401, 10402, 10403, 10404, 10405, 10411, 10413, 10415, 10417, 10418, 10421, 10422, 10423, 10424, 10425, 10426, 10427, 10436, 10438, 10439, 10440, 10442, 10464, 10465, 10466, 10467, 10468, 10470, 10471, 10472, 10473, 10474, 10476, 10477, 10478, 10479, 10480, 10481, 10484, 10488, 10490, 10491, 10495, 10496, 10497, 10498, 10499, 10502, 10517, 10518, 10570, 10571, 10572, 10575, 10577, 10578, 10579, 10580, 10582, 10583, 10584, 10586, 10588, 10589, 10590, 10591, 10592, 10593, 10594, 10598, 10600, 10601, 10603, 10604, 10609, 10610, 10611, 10613, 10614, 10615, 10616, 10617, 10623, 10625, 10626, 10628, 10629, 10631, 10633, 10634, 10635, 10638, 10639, 10641, 10642, 10643, 10644, 10645, 10646, 10647, 10649, 10650, 10651, 10653, 10657, 10658, 10660, 10662, 10664, 10665, 10666, 10667, 10670, 10671, 10675, 10676, 10677, 10678, 10680, 10682, 10684, 10685, 10686, 10689, 10690, 10691, 10692, 10693, 10694, 10695, 10696, 10698, 10701, 10702, 10704, 10705, 10707, 10709, 10710, 10711, 10712, 10715, 10716, 10717, 10718, 10719, 10720, 10721, 10722, 10723, 10724, 10725, 10726, 10727, 10728, 10729, 10730, 10731, 10732, 10733, 10735, 10736, 10737, 10738, 10739, 10740, 10741, 10742, 10743, 10744, 10746, 10749, 10750, 10751, 10752, 10753, 10755, 10756, 10757, 10758, 10761, 10762, 10763, 10764, 10766, 10767, 10768, 10769, 10770, 10772, 10773, 10775, 10776, 10777, 10779, 10780, 10782, 10783, 10784, 10785, 10786, 10787, 10789, 10790, 10792, 10793, 10794, 10795, 10796, 10797, 10799, 10800, 10801, 10802, 10803, 10805, 10806, 10808, 10809, 10810, 10811, 10812, 10814, 10815, 10819, 10820, 10821, 10822, 10825, 10826, 10828, 10829, 10832, 10833, 10834, 10835, 10836, 10837, 10838, 10841, 10842, 10844, 10845, 10846, 10847, 10848, 10850, 10851, 10853, 10854, 10856, 10857, 10858, 10859, 10860, 10862, 10863, 10865, 10866, 10867, 10868, 10869, 10870, 10871, 10873, 10874, 10875, 10876, 10877, 10880, 10882, 10883, 10885, 10886, 10888, 10889, 10890, 10892, 10893, 10894, 10896, 10897, 10899, 10900, 10901, 10903, 10904, 10905, 10907, 10908, 10910, 10912, 10913, 10914, 10915, 10916, 10918, 10921, 10922, 10923, 10924, 10926, 10927, 10928, 10929, 10931, 10934, 10935, 10936, 10939, 10940, 10941, 10942, 10943, 10944, 10945, 10946, 10948, 10955, 10957, 10958, 10959, 10961, 10962, 10965, 10966, 10967, 10968, 10970, 10972, 10973, 10974, 10975, 10976, 10977, 10980, 10981, 10984, 10985, 10986, 10987, 10990, 10991, 10992, 10993, 10996, 10997, 10998, 10999, 11000, 11001, 11002, 11004, 11006, 11007, 11012, 11013, 11014, 11019, 11020, 11025, 11027, 11028, 11029, 11031, 11032, 11033, 11034, 11035, 11036, 11038, 11041, 11042, 11043, 11044, 11045, 11046, 11047, 11048, 11049, 11050, 11053, 11054, 11055, 11056, 11057, 11059, 11062, 11063, 11064, 11066, 11067, 11068, 11070, 11071, 11072, 11073, 11074, 11075, 11076, 11078, 11079, 11080, 11081, 11084, 11085, 11086, 11092, 11093, 11095, 11096, 11097, 11098, 11099, 11100, 11101, 11102, 11103, 11105, 11106, 11107, 11108, 11109, 11110, 11111, 11113, 11116, 11118, 11119, 11120, 11121, 11123, 11125, 11126, 11127, 11128, 11129, 11130, 11131, 11133, 11136, 11137, 11138, 11141, 11142, 11143, 11145, 11146, 11149, 11150, 11155, 11161, 11162, 11168, 11169, 11175, 11176, 11177, 11183, 11195, 11196, 11197, 11202, 11203, 11204, 11207, 11210, 11213, 11214, 11215, 11216, 11217, 11218, 11220, 11221, 11223, 11225, 11228, 11230, 11231, 11235, 11244, 11245, 11255, 11256], "summary": {"covered_lines": 5759, "num_statements": 7601, "percent_covered": 71.4510575504181, "percent_covered_display": "71", "missing_lines": 1842, "excluded_lines": 0, "num_branches": 2564, "num_partial_branches": 416, "covered_branches": 1504, "missing_branches": 1060}, "missing_lines": [107, 108, 109, 110, 111, 112, 113, 114, 115, 116, 122, 124, 125, 126, 127, 186, 187, 188, 194, 215, 216, 217, 237, 238, 260, 262, 263, 264, 266, 267, 268, 271, 278, 279, 280, 296, 297, 346, 347, 354, 355, 391, 406, 437, 449, 474, 475, 477, 490, 586, 592, 669, 679, 680, 681, 686, 689, 704, 707, 722, 730, 736, 739, 822, 825, 834, 839, 858, 887, 891, 925, 1000, 1018, 1027, 1028, 1029, 1035, 1085, 1123, 1132, 1133, 1134, 1135, 1145, 1146, 1157, 1174, 1177, 1197, 1198, 1250, 1253, 1256, 1264, 1268, 1283, 1284, 1285, 1340, 1341, 1354, 1382, 1414, 1422, 1426, 1430, 1434, 1450, 1451, 1452, 1461, 1465, 1470, 1474, 1475, 1476, 1484, 1493, 1494, 1495, 1496, 1497, 1498, 1499, 1500, 1501, 1502, 1558, 1574, 1578, 1582, 1607, 1610, 1615, 1619, 1622, 1638, 1645, 1658, 1659, 1664, 1665, 1673, 1674, 1676, 1677, 1678, 1679, 1680, 1682, 1683, 1684, 1685, 1687, 1699, 1709, 1714, 1715, 1716, 1717, 1723, 1732, 1776, 1777, 1786, 1787, 1788, 1789, 1802, 1819, 1820, 1899, 1960, 1961, 1962, 1963, 1964, 1965, 1970, 1971, 1972, 1986, 1987, 1988, 1989, 2046, 2062, 2070, 2082, 2119, 2121, 2136, 2137, 2138, 2139, 2141, 2142, 2143, 2144, 2145, 2150, 2156, 2157, 2158, 2160, 2161, 2162, 2163, 2164, 2166, 2167, 2168, 2170, 2171, 2173, 2174, 2175, 2178, 2184, 2188, 2193, 2198, 2226, 2268, 2271, 2281, 2284, 2287, 2290, 2293, 2296, 2303, 2335, 2347, 2352, 2353, 2354, 2356, 2365, 2366, 2368, 2414, 2417, 2420, 2421, 2422, 2423, 2425, 2426, 2427, 2428, 2432, 2436, 2437, 2438, 2439, 2440, 2441, 2444, 2447, 2449, 2450, 2451, 2452, 2453, 2454, 2456, 2457, 2459, 2460, 2462, 2464, 2465, 2466, 2467, 2469, 2470, 2472, 2476, 2477, 2478, 2480, 2482, 2483, 2484, 2485, 2486, 2487, 2488, 2489, 2490, 2491, 2492, 2493, 2494, 2495, 2496, 2498, 2500, 2503, 2504, 2505, 2506, 2507, 2508, 2537, 2541, 2542, 2543, 2544, 2548, 2549, 2550, 2554, 2559, 2563, 2566, 2567, 2568, 2571, 2572, 2573, 2574, 2575, 2576, 2577, 2578, 2579, 2580, 2584, 2585, 2586, 2587, 2590, 2591, 2594, 2596, 2597, 2598, 2600, 2601, 2602, 2603, 2604, 2605, 2607, 2608, 2610, 2611, 2612, 2613, 2614, 2615, 2616, 2617, 2618, 2619, 2620, 2621, 2622, 2623, 2624, 2627, 2628, 2630, 2631, 2632, 2633, 2634, 2636, 2637, 2638, 2639, 2643, 2644, 2656, 2689, 2690, 2691, 2695, 2696, 2697, 2698, 2702, 2706, 2711, 2712, 2713, 2714, 2715, 2716, 2717, 2721, 2722, 2741, 2746, 2747, 2748, 2751, 2752, 2754, 2755, 2756, 2757, 2758, 2759, 2760, 2761, 2762, 2763, 2766, 2767, 2768, 2769, 2772, 2773, 2774, 2776, 2777, 2778, 2838, 2840, 2841, 2843, 2845, 2846, 2847, 2848, 2849, 2850, 2851, 2852, 2853, 2854, 2855, 2856, 2857, 2858, 2859, 2860, 2861, 2862, 2863, 2864, 2865, 2866, 2867, 2868, 2869, 2870, 2871, 2872, 2873, 2874, 2875, 2876, 2877, 2878, 2879, 2880, 2893, 2894, 2905, 2908, 2909, 2910, 2911, 2912, 2913, 2914, 2915, 2937, 2938, 2959, 2998, 2999, 3000, 3001, 3004, 3007, 3010, 3011, 3012, 3015, 3016, 3017, 3018, 3019, 3020, 3021, 3022, 3023, 3024, 3025, 3028, 3029, 3030, 3031, 3032, 3033, 3038, 3039, 3058, 3100, 3101, 3102, 3103, 3106, 3109, 3112, 3114, 3118, 3121, 3122, 3123, 3124, 3126, 3127, 3128, 3129, 3130, 3131, 3132, 3133, 3134, 3135, 3136, 3137, 3138, 3139, 3140, 3141, 3142, 3145, 3146, 3147, 3148, 3149, 3150, 3154, 3155, 3156, 3157, 3169, 3200, 3201, 3202, 3203, 3215, 3241, 3244, 3247, 3250, 3251, 3252, 3255, 3256, 3258, 3259, 3260, 3261, 3262, 3263, 3264, 3265, 3266, 3267, 3268, 3269, 3270, 3271, 3272, 3273, 3274, 3277, 3278, 3279, 3280, 3281, 3282, 3286, 3287, 3298, 3314, 3315, 3316, 3317, 3318, 3319, 3321, 3323, 3324, 3325, 3326, 3327, 3333, 3339, 3343, 3344, 3345, 3349, 3350, 3351, 3361, 3362, 3363, 3364, 3369, 3382, 3383, 3384, 3385, 3402, 3407, 3408, 3409, 3410, 3421, 3444, 3445, 3449, 3463, 3464, 3470, 3480, 3553, 3554, 3555, 3578, 3579, 3580, 3582, 3583, 3584, 3585, 3586, 3587, 3607, 3608, 3609, 3610, 3611, 3612, 3613, 3614, 3615, 3616, 3617, 3619, 3621, 3622, 3623, 3624, 3625, 3626, 3627, 3661, 3676, 3677, 3678, 3679, 3680, 3688, 3689, 3695, 3696, 3716, 3717, 3718, 3720, 3721, 3722, 3723, 3725, 3737, 3738, 3739, 3740, 3741, 3742, 3743, 3752, 3763, 3771, 3778, 3783, 3784, 3871, 3884, 3885, 3886, 3887, 3888, 3889, 3898, 3903, 3908, 3913, 3914, 3919, 3924, 3929, 3934, 3939, 3944, 3949, 3954, 3967, 3977, 4002, 4007, 4017, 4027, 4049, 4054, 4058, 4059, 4060, 4063, 4064, 4071, 4072, 4073, 4074, 4075, 4076, 4098, 4110, 4139, 4140, 4141, 4142, 4145, 4146, 4147, 4148, 4149, 4182, 4190, 4191, 4192, 4193, 4194, 4195, 4196, 4200, 4201, 4202, 4203, 4204, 4205, 4206, 4207, 4220, 4221, 4223, 4224, 4225, 4226, 4227, 4228, 4229, 4230, 4266, 4273, 4284, 4285, 4286, 4313, 4314, 4315, 4316, 4317, 4318, 4319, 4322, 4323, 4324, 4325, 4326, 4327, 4328, 4337, 4338, 4339, 4340, 4341, 4342, 4343, 4344, 4384, 4385, 4386, 4387, 4391, 4392, 4393, 4394, 4395, 4397, 4398, 4399, 4425, 4426, 4427, 4452, 4453, 4462, 4467, 4473, 4492, 4506, 4538, 4546, 4570, 4578, 4585, 4597, 4604, 4607, 4608, 4642, 4643, 4644, 4696, 4697, 4724, 4725, 4729, 4730, 4734, 4737, 4738, 4740, 4774, 4775, 4782, 4783, 4784, 4785, 4834, 4835, 4849, 4866, 4867, 4870, 4871, 4874, 4892, 4893, 4894, 4906, 4907, 4908, 4909, 4910, 4913, 4914, 4916, 4917, 4918, 4919, 4930, 4931, 4932, 4933, 4934, 4937, 4938, 4940, 4941, 4942, 4943, 4979, 4980, 4989, 4990, 4997, 4998, 4999, 5007, 5008, 5025, 5026, 5030, 5031, 5109, 5110, 5111, 5112, 5113, 5122, 5123, 5138, 5139, 5143, 5144, 5174, 5175, 5176, 5177, 5178, 5180, 5181, 5182, 5183, 5184, 5185, 5186, 5187, 5188, 5190, 5191, 5257, 5288, 5289, 5297, 5298, 5299, 5317, 5324, 5328, 5341, 5342, 5343, 5344, 5345, 5346, 5347, 5348, 5349, 5350, 5351, 5352, 5376, 5391, 5392, 5410, 5411, 5412, 5413, 5438, 5439, 5440, 5441, 5545, 5546, 5572, 5573, 5574, 5576, 5577, 5578, 5581, 5582, 5583, 5585, 5586, 5588, 5589, 5590, 5593, 5600, 5601, 5602, 5616, 5617, 5618, 5620, 5621, 5622, 5624, 5625, 5627, 5628, 5629, 5631, 5632, 5633, 5634, 5638, 5639, 5640, 5642, 5643, 5644, 5646, 5647, 5650, 5652, 5653, 5654, 5655, 5657, 5659, 5660, 5662, 5663, 5664, 5665, 5666, 5667, 5668, 5672, 5673, 5689, 5690, 5702, 5708, 5709, 5712, 5713, 5727, 5728, 5739, 5787, 5791, 5792, 5818, 5822, 5823, 5864, 5865, 5883, 5884, 5887, 5888, 5890, 5893, 5895, 5896, 5898, 5899, 5900, 5902, 5903, 5905, 5906, 5907, 5909, 5928, 5929, 5933, 5939, 5940, 5943, 5944, 5983, 5984, 5989, 5990, 5998, 5999, 6000, 6001, 6012, 6014, 6138, 6140, 6185, 6186, 6209, 6210, 6213, 6214, 6218, 6219, 6220, 6228, 6263, 6264, 6265, 6273, 6282, 6318, 6319, 6320, 6325, 6326, 6328, 6336, 6349, 6350, 6374, 6375, 6376, 6377, 6379, 6380, 6381, 6382, 6384, 6385, 6393, 6394, 6397, 6399, 6440, 6441, 6445, 6446, 6454, 6466, 6467, 6488, 6489, 6498, 6499, 6500, 6523, 6528, 6529, 6530, 6531, 6532, 6538, 6539, 6545, 6546, 6564, 6565, 6595, 6596, 6604, 6605, 6621, 6622, 6625, 6633, 6634, 6635, 6636, 6658, 6659, 6684, 6685, 6693, 6716, 6717, 6725, 6745, 6746, 6749, 6750, 6761, 6790, 6801, 6806, 6808, 6890, 6891, 6892, 6903, 6904, 6939, 6940, 6941, 6944, 6945, 6946, 7004, 7005, 7006, 7050, 7051, 7055, 7059, 7060, 7061, 7128, 7129, 7132, 7133, 7150, 7151, 7153, 7154, 7155, 7158, 7159, 7162, 7164, 7165, 7166, 7167, 7169, 7170, 7171, 7174, 7175, 7176, 7179, 7180, 7181, 7182, 7183, 7184, 7185, 7186, 7187, 7207, 7208, 7209, 7277, 7297, 7298, 7301, 7306, 7312, 7321, 7322, 7324, 7326, 7328, 7329, 7331, 7339, 7345, 7378, 7379, 7380, 7381, 7382, 7383, 7384, 7385, 7387, 7388, 7389, 7391, 7392, 7393, 7394, 7396, 7397, 7399, 7402, 7403, 7405, 7406, 7407, 7409, 7411, 7412, 7413, 7414, 7415, 7417, 7418, 7419, 7421, 7422, 7423, 7425, 7427, 7428, 7429, 7430, 7432, 7433, 7435, 7436, 7447, 7448, 7452, 7453, 7497, 7498, 7499, 7500, 7501, 7503, 7504, 7506, 7518, 7520, 7522, 7523, 7524, 7535, 7542, 7543, 7544, 7545, 7548, 7549, 7551, 7554, 7556, 7557, 7558, 7559, 7561, 7562, 7563, 7565, 7566, 7570, 7572, 7573, 7574, 7575, 7576, 7577, 7579, 7581, 7582, 7583, 7585, 7586, 7591, 7592, 7593, 7594, 7595, 7596, 7597, 7598, 7600, 7601, 7602, 7603, 7604, 7606, 7607, 7609, 7610, 7611, 7613, 7614, 7615, 7617, 7618, 7619, 7621, 7623, 7628, 7629, 7630, 7632, 7633, 7635, 7637, 7638, 7639, 7640, 7641, 7643, 7644, 7645, 7646, 7647, 7648, 7662, 7683, 7684, 7685, 7686, 7694, 7728, 7729, 7730, 7731, 7733, 7734, 7738, 7746, 7747, 7755, 7759, 7760, 7766, 7767, 7776, 7798, 7799, 7809, 7818, 7825, 7827, 7831, 7833, 7840, 7843, 7846, 7847, 7857, 7868, 7869, 7874, 7875, 7891, 7892, 7900, 7930, 7931, 7949, 7950, 7959, 7960, 7961, 7964, 7988, 7989, 7996, 8025, 8026, 8027, 8028, 8051, 8052, 8101, 8189, 8190, 8193, 8194, 8205, 8206, 8207, 8286, 8287, 8294, 8295, 8296, 8305, 8428, 8429, 8432, 8433, 8434, 8435, 8437, 8438, 8472, 8488, 8489, 8490, 8491, 8493, 8495, 8496, 8525, 8526, 8543, 8544, 8545, 8553, 8563, 8589, 8614, 8615, 8616, 8617, 8654, 8655, 8661, 8662, 8676, 8682, 8683, 8684, 8685, 8686, 8704, 8705, 8720, 8721, 8749, 8750, 8781, 8782, 8785, 8792, 8793, 8794, 8867, 8868, 8912, 8913, 8918, 8919, 8932, 8952, 8954, 8984, 8985, 8986, 8987, 8988, 8989, 8990, 8992, 8993, 9006, 9007, 9016, 9041, 9042, 9059, 9060, 9062, 9063, 9090, 9112, 9123, 9124, 9125, 9127, 9128, 9129, 9131, 9134, 9145, 9158, 9180, 9181, 9183, 9184, 9252, 9253, 9254, 9280, 9281, 9282, 9283, 9285, 9287, 9288, 9289, 9290, 9292, 9293, 9330, 9356, 9368, 9382, 9383, 9384, 9402, 9403, 9404, 9410, 9411, 9412, 9426, 9440, 9460, 9470, 9531, 9532, 9536, 9537, 9541, 9542, 9561, 9562, 9563, 9564, 9565, 9566, 9567, 9577, 9578, 9579, 9580, 9581, 9582, 9583, 9585, 9586, 9587, 9591, 9592, 9593, 9594, 9595, 9597, 9598, 9601, 9602, 9617, 9618, 9619, 9620, 9622, 9623, 9626, 9627, 9630, 9664, 9665, 9684, 9733, 9763, 9764, 9779, 9780, 9792, 9818, 9819, 9824, 9825, 9828, 9829, 9855, 9857, 9859, 9861, 9863, 9866, 9919, 9920, 9921, 9922, 9923, 9935, 9936, 9944, 9945, 9952, 9969, 9970, 9971, 9972, 9973, 9975, 9976, 9977, 9998, 10015, 10016, 10017, 10018, 10020, 10021, 10022, 10023, 10032, 10047, 10078, 10079, 10096, 10097, 10116, 10117, 10121, 10122, 10123, 10155, 10157, 10158, 10159, 10160, 10162, 10163, 10164, 10165, 10167, 10168, 10173, 10174, 10176, 10177, 10179, 10180, 10182, 10183, 10184, 10185, 10189, 10190, 10191, 10192, 10193, 10194, 10196, 10197, 10198, 10199, 10200, 10201, 10203, 10205, 10206, 10207, 10208, 10209, 10210, 10211, 10212, 10213, 10230, 10231, 10236, 10237, 10241, 10242, 10247, 10258, 10259, 10279, 10280, 10281, 10282, 10283, 10284, 10285, 10296, 10339, 10340, 10341, 10347, 10349, 10374, 10375, 10377, 10419, 10437, 10444, 10445, 10446, 10447, 10448, 10449, 10450, 10451, 10452, 10454, 10455, 10485, 10487, 10492, 10493, 10503, 10504, 10505, 10506, 10507, 10508, 10511, 10512, 10513, 10514, 10519, 10520, 10523, 10524, 10525, 10527, 10529, 10530, 10531, 10532, 10533, 10534, 10536, 10539, 10540, 10542, 10543, 10546, 10547, 10548, 10549, 10551, 10552, 10553, 10555, 10556, 10557, 10558, 10559, 10560, 10561, 10564, 10565, 10566, 10567, 10568, 10574, 10585, 10595, 10597, 10599, 10605, 10606, 10607, 10620, 10654, 10659, 10661, 10699, 10706, 10747, 10754, 10759, 10760, 10765, 10878, 10879, 10902, 10925, 10947, 10949, 10950, 10953, 11008, 11009, 11015, 11016, 11021, 11022, 11023, 11024, 11030, 11037, 11060, 11065, 11077, 11082, 11083, 11087, 11114, 11147, 11151, 11152, 11153, 11156, 11159, 11163, 11164, 11165, 11167, 11178, 11180, 11198, 11199, 11247, 11250, 11251, 11252, 11257], "excluded_lines": [], "executed_branches": [[172, 173], [172, 177], [174, 172], [174, 175], [185, 190], [193, 195], [211, 212], [211, 214], [214, 219], [221, 222], [221, 230], [222, 223], [224, 222], [224, 225], [235, -235], [235, 235], [235, 236], [236, 240], [251, 252], [251, 254], [259, 273], [276, 282], [375, 376], [375, 378], [388, 389], [405, 407], [407, 408], [408, 409], [413, 414], [413, 415], [435, 436], [459, -459], [459, 461], [464, 465], [464, 487], [467, 468], [467, 470], [472, 479], [479, 480], [479, 483], [487, 488], [487, 502], [488, 491], [493, 494], [493, 495], [495, 496], [495, 497], [497, 498], [497, 500], [531, -530], [531, 532], [533, -532], [533, 534], [535, -534], [535, 536], [537, -536], [537, 538], [539, 540], [541, 542], [543, -542], [543, 544], [545, 546], [547, -546], [547, 548], [549, 550], [551, 552], [553, 555], [558, 560], [561, -561], [561, 561], [561, 562], [583, 584], [583, 585], [585, 587], [587, 588], [587, 589], [611, -611], [611, -609], [632, 633], [632, 636], [728, 729], [728, 731], [729, 728], [817, 818], [817, 819], [819, 820], [824, 827], [829, 831], [829, 870], [832, 836], [838, 841], [855, 856], [864, 865], [864, 867], [868, 829], [868, 869], [907, 908], [913, 914], [913, 916], [914, 913], [914, 915], [922, 923], [934, -932], [934, 936], [938, -936], [938, 940], [942, -940], [942, 944], [946, -944], [946, 948], [950, -948], [950, 952], [954, -952], [954, 956], [958, -956], [958, 960], [962, -960], [962, 964], [966, -964], [966, 968], [970, -968], [970, -742], [1017, 1019], [1022, 1023], [1122, 1124], [1126, 1127], [1141, 1142], [1151, 1152], [1151, 1153], [1173, 1176], [1176, 1179], [1181, -1181], [1181, 1181], [1181, 1182], [1182, 1183], [1182, 1184], [1220, 1221], [1225, 1226], [1248, 1249], [1273, 1278], [1280, 1281], [1309, 1311], [1324, 1326], [1366, 1367], [1366, 1369], [1439, 1440], [1439, 1441], [1458, 1459], [1458, 1463], [1460, 1462], [1464, 1466], [1469, 1471], [1473, 1477], [1483, 1486], [1542, 1543], [1542, 1544], [1588, 1589], [1589, 1590], [1606, 1609], [1609, 1612], [1614, 1617], [1618, 1621], [1644, 1647], [1667, 1668], [1698, 1700], [1708, 1710], [1722, 1724], [1748, 1749], [1775, 1778], [1798, 1799], [1798, 1807], [1801, 1804], [1843, 1844], [1843, 1849], [1846, 1843], [1846, 1847], [1861, 1862], [1861, 1864], [1864, 1865], [1864, 1866], [1866, 1867], [1866, 1869], [1870, 1871], [1886, 1887], [1886, 1902], [1888, -1888], [1888, 1888], [1888, 1890], [1890, 1891], [1890, 1894], [1894, -1894], [1894, 1894], [1894, 1895], [1895, 1896], [1939, 1940], [1978, 1979], [1978, 1980], [1999, 2000], [1999, 2002], [2005, 2006], [2005, 2007], [2022, -2010], [2022, 2023], [2028, 2029], [2028, 2032], [2045, 2049], [2053, 2054], [2061, 2066], [2069, 2073], [2073, -2073], [2073, 2073], [2073, 2074], [2112, 2113], [2112, 2123], [2115, 2116], [2115, 2123], [2116, 2117], [2116, 2123], [2117, 2118], [2123, -2107], [2123, 2124], [2130, -2130], [2130, -2127], [2130, 2130], [2204, 2205], [2204, 2206], [2235, 2236], [2235, 2238], [2236, 2237], [2267, -2267], [2267, -2262], [2329, 2330], [2329, 2331], [2351, 2357], [2361, 2362], [2361, 2369], [2363, 2364], [2815, 2816], [2884, 2885], [2886, 2887], [3331, 3332], [3332, -3330], [3337, 3338], [3338, -3336], [3374, 3375], [3374, 3376], [3390, -3388], [3390, 3391], [3390, 3392], [3398, 3399], [3398, 3400], [3400, 3401], [3418, 3419], [3418, 3437], [3420, 3423], [3423, 3424], [3423, 3426], [3426, -3426], [3426, 3426], [3426, 3427], [3431, 3432], [3431, 3434], [3443, 3447], [3447, 3448], [3448, 3451], [3451, 3452], [3451, 3455], [3452, 3451], [3452, 3453], [3462, 3466], [3466, 3467], [3467, 3466], [3467, 3468], [3477, 3478], [3478, 3477], [3478, 3479], [3487, 3488], [3487, 3490], [3488, 3487], [3488, 3489], [3499, 3501], [3499, 3502], [3508, -3508], [3508, -3505], [3508, 3508], [3513, 3514], [3513, 3515], [3515, -3515], [3515, -3511], [3515, 3515], [3535, 3538], [3535, 3539], [3540, -3540], [3540, 3541], [3540, 3548], [3543, 3544], [3543, 3547], [3548, 3552], [3552, 3556], [3567, 3568], [3567, 3574], [3575, 3576], [3604, 3605], [3675, 3683], [3683, 3684], [3683, 3692], [3686, -3686], [3686, 3686], [3686, 3687], [3687, 3692], [3692, 3693], [3731, 3732], [3751, 3754], [3762, 3765], [3770, 3773], [3789, 3790], [3789, 3791], [3811, 3812], [3811, 3816], [3812, -3810], [3812, 3813], [3813, -3810], [3813, 3814], [3819, -3810], [3819, 3820], [3865, 3866], [3865, 3867], [3867, 3868], [3868, -3868], [3868, 3868], [3868, 3869], [3878, -3878], [3878, -3875], [4046, 4047], [4053, 4056], [4062, 4065], [4097, 4100], [4100, 4101], [4122, 4123], [4179, 4180], [4189, 4199], [4199, 4209], [4211, 4213], [4215, 4216], [4215, 4233], [4219, 4215], [4263, 4264], [4268, 4269], [4281, -4281], [4281, 4281], [4281, 4283], [4312, 4321], [4321, -4321], [4321, 4332], [4334, -4334], [4334, 4334], [4334, 4335], [4350, 4352], [4478, 4479], [4478, 4485], [4481, -4481], [4481, 4482], [4485, 4486], [4488, -4488], [4488, 4489], [4505, -4505], [4505, -4502], [4512, 4513], [4512, 4514], [4514, 4515], [4535, 4536], [4559, -4558], [4559, 4560], [4560, 4559], [4560, 4561], [4589, -4589], [4589, 4589], [4589, 4590], [4589, 4591], [4592, 4593], [4592, 4596], [4596, 4598], [4598, 4599], [4611, 4612], [4611, 4616], [4623, 4624], [4623, 4625], [4634, 4635], [4634, 4637], [4637, 4638], [4650, 4651], [4650, 4652], [4655, 4656], [4655, 4657], [4695, 4699], [4699, 4700], [4699, 4703], [4709, 4710], [4709, 4715], [4710, 4711], [4710, 4713], [4717, 4718], [4717, 4721], [4721, 4722], [4721, 4723], [4723, 4726], [4726, 4727], [4726, 4728], [4728, 4731], [4731, 4732], [4736, 4742], [4746, 4747], [4746, 4748], [4758, 4759], [4763, 4764], [4763, 4765], [4773, 4777], [4778, -4778], [4778, 4781], [4781, 4786], [4795, 4796], [4795, 4797], [4805, 4807], [4805, 4809], [4809, -4809], [4809, 4809], [4809, 4813], [4814, -4814], [4814, 4814], [4814, 4817], [4821, 4822], [4821, 4823], [4832, 4837], [4837, -4837], [4837, 4837], [4837, 4840], [4846, 4848], [4846, 4852], [4848, 4851], [4855, 4856], [4855, 4857], [4865, 4869], [4869, 4873], [4873, 4877], [4883, -4883], [4883, 4883], [4883, 4884], [4887, 4888], [4887, 4890], [4898, 4899], [4898, 4900], [4922, 4923], [4922, 4924], [4946, 4947], [4946, 4948], [4957, 4958], [4957, 4961], [4961, 4962], [4968, -4968], [4968, 4969], [4969, -4969], [4969, 4971], [4984, 4985], [4984, 4992], [4994, 4995], [5012, 5013], [5012, 5014], [5024, 5028], [5029, 5033], [5038, 5039], [5038, 5040], [5063, 5064], [5063, 5065], [5065, 5066], [5065, 5068], [5071, -5070], [5071, 5072], [5080, 5081], [5105, 5106], [5121, 5125], [5125, 5126], [5125, 5129], [5127, 5128], [5135, 5136], [5135, 5140], [5137, 5135], [5170, 5171], [5194, 5195], [5194, 5196], [5226, 5227], [5226, 5233], [5227, 5228], [5227, 5231], [5234, 5235], [5234, 5238], [5238, 5239], [5238, 5243], [5243, -5243], [5243, 5243], [5243, 5244], [5256, 5258], [5265, 5266], [5265, 5272], [5287, 5292], [5308, 5309], [5308, 5337], [5313, 5313], [5313, 5319], [5323, 5325], [5327, 5329], [5329, 5308], [5329, 5331], [5333, 5334], [5340, -5339], [5361, 5362], [5361, 5364], [5380, 5381], [5380, 5393], [5381, 5380], [5381, 5382], [5385, 5386], [5385, 5390], [5390, 5380], [5400, 5401], [5400, 5406], [5401, 5400], [5401, 5402], [5402, 5403], [5403, 5404], [5426, 5427], [5426, 5428], [5432, 5433], [5432, 5434], [5446, 5447], [5446, 5449], [5447, 5446], [5447, 5448], [5452, 5453], [5452, 5454], [5476, 5477], [5476, 5480], [5482, 5483], [5482, 5486], [5486, 5487], [5486, 5490], [5493, 5494], [5493, 5497], [5507, 5508], [5507, 5509], [5524, 5525], [5524, 5528], [5525, -5525], [5525, 5525], [5525, 5526], [5531, 5532], [5531, 5533], [5544, 5548], [5551, 5552], [5551, 5555], [5559, 5560], [5559, 5561], [5605, 5606], [5605, 5607], [5676, 5677], [5676, 5678], [5688, 5692], [5698, 5699], [5698, 5701], [5701, 5704], [5707, 5711], [5711, 5715], [5715, 5716], [5715, 5721], [5716, 5717], [5716, 5718], [5718, 5715], [5718, 5719], [5724, 5725], [5724, 5741], [5730, 5724], [5730, 5731], [5732, 5730], [5732, 5733], [5733, 5732], [5733, 5734], [5735, 5736], [5744, 5745], [5744, 5746], [5765, 5766], [5783, 5784], [5783, 5806], [5784, 5785], [5794, 5795], [5794, 5804], [5796, 5797], [5796, 5800], [5814, 5815], [5814, 5837], [5815, 5816], [5825, 5826], [5825, 5835], [5829, 5830], [5841, 5842], [5841, 5858], [5842, 5841], [5842, 5843], [5843, 5841], [5843, 5844], [5844, 5846], [5850, 5841], [5850, 5851], [5852, 5853], [5853, 5854], [5863, 5867], [5867, 5868], [5867, 5879], [5874, 5875], [5874, 5877], [5882, 5886], [5886, 5892], [5892, 5911], [5916, 5917], [5916, 5918], [5927, 5931], [5931, 5932], [5931, 5958], [5932, 5935], [5938, 5942], [5942, 5946], [5946, 5931], [5946, 5947], [5947, 5946], [5947, 5948], [5949, 5950], [5949, 5951], [5951, 5952], [5951, 5954], [5962, 5963], [5962, 5964], [5982, 5987], [5988, 5993], [5994, 5995], [5994, 6007], [5997, 6007], [6011, 6013], [6013, 6016], [6022, 6023], [6022, 6024], [6056, 6057], [6056, 6058], [6091, 6092], [6091, 6095], [6096, 6097], [6096, 6098], [6098, 6099], [6098, 6101], [6109, 6110], [6109, 6117], [6113, 6114], [6113, 6117], [6119, 6120], [6119, 6125], [6120, 6121], [6120, 6123], [6127, 6128], [6127, 6135], [6131, 6132], [6131, 6135], [6137, 6142], [6148, 6149], [6148, 6150], [6172, 6173], [6172, 6174], [6189, 6190], [6189, 6191], [6208, 6212], [6212, 6216], [6223, 6225], [6232, 6233], [6232, 6234], [6241, 6242], [6241, 6243], [6246, 6247], [6246, 6248], [6262, 6267], [6270, 6271], [6270, 6286], [6271, 6272], [6272, 6275], [6277, 6278], [6277, 6280], [6281, 6284], [6290, 6291], [6290, 6292], [6309, 6310], [6309, 6314], [6310, 6311], [6312, 6313], [6324, 6327], [6327, 6329], [6329, 6330], [6329, 6333], [6334, 6335], [6334, 6337], [6335, 6334], [6342, 6343], [6343, 6344], [6343, 6348], [6348, 6352], [6353, 6354], [6359, 6360], [6359, 6361], [6392, 6396], [6396, 6398], [6398, 6401], [6405, 6406], [6405, 6408], [6411, 6412], [6411, 6417], [6417, 6418], [6422, 6423], [6422, 6424], [6439, 6443], [6444, 6449], [6449, -6449], [6449, 6450], [6450, 6451], [6450, 6456], [6451, 6452], [6452, -6452], [6452, 6452], [6452, 6458], [6458, 6459], [6458, 6513], [6459, 6460], [6459, 6462], [6465, 6469], [6471, 6472], [6471, 6510], [6479, 6480], [6479, 6482], [6484, 6485], [6484, 6487], [6487, 6491], [6494, 6495], [6494, 6497], [6502, 6471], [6502, 6503], [6510, 6458], [6510, 6511], [6544, 6548], [6563, 6567], [6575, 6576], [6575, 6577], [6594, 6598], [6603, 6607], [6608, 6609], [6608, 6638], [6614, 6615], [6614, 6618], [6620, 6624], [6624, 6627], [6630, 6631], [6641, 6642], [6641, 6643], [6657, 6660], [6663, 6664], [6668, 6669], [6668, 6670], [6683, 6687], [6690, 6691], [6690, 6696], [6692, 6694], [6694, 6690], [6694, 6695], [6700, 6701], [6700, 6702], [6715, 6719], [6722, 6723], [6722, 6728], [6724, 6726], [6726, 6722], [6726, 6727], [6732, 6733], [6732, 6734], [6748, 6751], [6752, 6753], [6752, 6754], [6753, -6753], [6753, 6752], [6753, 6753], [6754, -6754], [6754, 6754], [6754, 6755], [6755, 6756], [6755, 6760], [6756, 6757], [6756, 6759], [6760, 6762], [6762, 6763], [6767, 6768], [6767, 6769], [6785, 6786], [6785, 6792], [6787, -6787], [6787, 6787], [6787, 6788], [6788, -6788], [6788, 6788], [6788, 6789], [6789, 6792], [6798, 6799], [6798, 6854], [6800, 6803], [6805, 6810], [6812, 6813], [6812, 6815], [6818, 6819], [6818, 6823], [6825, 6826], [6825, 6830], [6831, 6832], [6831, 6834], [6837, 6838], [6837, 6843], [6847, -6847], [6847, 6847], [6847, 6848], [6847, 6852], [6854, 6855], [6859, 6860], [6859, 6861], [6877, 6878], [6877, 6879], [6889, 6894], [6902, 6906], [6910, -6910], [6910, 6910], [6910, 6912], [6912, 6913], [6915, 6916], [6915, 6922], [6926, 6927], [6926, 6928], [6938, 6943], [6943, 6948], [6954, 6955], [6954, 6958], [6959, 6960], [6959, 6964], [6967, 6968], [6967, 6969], [6990, 6991], [6990, 7011], [6994, 6995], [6994, 6997], [6997, 6998], [6997, 7003], [6998, 6999], [6999, 7000], [7000, 7001], [7001, 6990], [7003, 7008], [7008, -7008], [7008, 7008], [7008, 7009], [7015, -7015], [7015, 7015], [7015, 7017], [7017, 7018], [7017, 7029], [7021, 7022], [7021, 7027], [7022, 7023], [7022, 7025], [7032, 7033], [7032, 7034], [7049, 7053], [7054, 7057], [7080, 7081], [7080, 7083], [7089, 7090], [7089, 7096], [7101, 7102], [7101, 7107], [7110, 7111], [7110, 7112], [7127, 7131], [7131, 7135], [7135, 7136], [7135, 7139], [7142, 7143], [7190, 7191], [7190, 7192], [7206, 7211], [7215, 7216], [7215, 7217], [7276, 7278], [7293, 7294], [7293, 7296], [7296, -7296], [7296, 7300], [7300, 7303], [7305, 7308], [7311, 7314], [7314, 7315], [7314, 7333], [7315, 7316], [7315, 7318], [7320, 7323], [7323, 7325], [7335, 7336], [7335, 7338], [7338, 7340], [7344, 7347], [7351, 7352], [7351, 7355], [7372, 7373], [7373, -7373], [7373, 7373], [7373, 7374], [7446, 7450], [7458, -7458], [7458, -7457], [7458, 7458], [7468, -7468], [7468, 7468], [7468, 7470], [7478, 7479], [7478, 7528], [7484, 7485], [7484, 7487], [7490, 7491], [7490, 7493], [7493, 7494], [7493, 7511], [7496, 7505], [7505, 7507], [7507, 7508], [7507, 7513], [7515, 7478], [7515, 7516], [7521, 7526], [7532, 7533], [7652, -7652], [7652, -7650], [7661, 7664], [7661, 7668], [7665, 7666], [7665, 7668], [7665, 7671], [7666, -7666], [7666, 7665], [7666, 7666], [7673, -7673], [7673, 7673], [7673, 7674], [7682, 7687], [7692, 7693], [7692, 7715], [7693, 7696], [7698, 7699], [7698, 7701], [7701, 7702], [7701, 7710], [7704, 7705], [7706, 7707], [7706, 7708], [7710, 7692], [7710, 7711], [7720, 7721], [7722, 7723], [7722, 7744], [7723, 7724], [7723, 7742], [7725, 7723], [7725, 7726], [7727, 7735], [7735, 7736], [7740, 7741], [7744, 7745], [7744, 7748], [7745, -7745], [7745, -7717], [7745, 7745], [7754, 7758], [7758, 7762], [7765, 7769], [7773, 7774], [7773, 7811], [7775, 7778], [7782, 7783], [7782, 7789], [7784, -7784], [7784, 7784], [7784, 7787], [7797, 7801], [7808, 7773], [7817, 7820], [7820, 7821], [7822, 7823], [7822, 7824], [7824, 7826], [7826, 7828], [7828, 7829], [7828, 7830], [7830, 7820], [7839, 7842], [7842, 7845], [7845, 7849], [7852, 7853], [7852, 7879], [7854, 7855], [7854, 7856], [7856, 7858], [7858, 7859], [7865, 7866], [7865, 7871], [7867, 7871], [7884, 7885], [7884, 7887], [7888, 7889], [7888, 7893], [7889, 7890], [7890, 7888], [7896, -7895], [7896, 7897], [7899, 7902], [7906, 7907], [7906, 7911], [7918, 7919], [7918, 7920], [7934, 7935], [7934, 7936], [7948, 7952], [7956, 7957], [7956, 7963], [7958, 7968], [7963, 7965], [7965, 7966], [7973, 7974], [7973, 7975], [7987, 7991], [7993, 7994], [8000, 8001], [8000, 8002], [8013, 8014], [8013, 8015], [8021, 8022], [8031, 8032], [8031, 8033], [8050, 8054], [8059, 8060], [8059, 8065], [8068, 8069], [8068, 8071], [8094, 8095], [8094, 8106], [8100, 8102], [8109, 8110], [8109, 8111], [8123, 8124], [8123, 8125], [8137, 8138], [8137, 8139], [8151, 8152], [8151, 8153], [8165, 8166], [8165, 8167], [8188, 8192], [8192, 8196], [8200, 8201], [8200, 8209], [8201, 8202], [8201, 8209], [8210, 8211], [8210, 8215], [8218, 8219], [8218, 8220], [8232, 8233], [8232, 8234], [8246, 8247], [8246, 8248], [8260, 8261], [8260, 8262], [8274, 8275], [8274, 8276], [8285, 8289], [8304, 8307], [8314, 8315], [8314, 8362], [8315, 8316], [8315, 8318], [8325, 8327], [8325, 8330], [8331, 8332], [8331, 8337], [8337, 8338], [8338, 8339], [8338, 8344], [8344, 8345], [8345, 8346], [8345, 8358], [8347, 8348], [8347, 8349], [8349, 8350], [8349, 8352], [8365, 8366], [8365, 8367], [8399, 8400], [8399, 8404], [8401, 8399], [8401, 8402], [8404, 8405], [8404, 8408], [8423, 8424], [8423, 8427], [8427, 8431], [8431, 8440], [8441, 8442], [8441, 8445], [8451, 8452], [8451, 8454], [8457, 8458], [8457, 8459], [8468, 8469], [8468, 8483], [8471, 8474], [8475, 8476], [8475, 8478], [8483, 8484], [8484, 8485], [8499, 8500], [8499, 8501], [8512, 8513], [8512, 8514], [8524, 8528], [8528, 8529], [8536, 8537], [8536, 8546], [8537, 8538], [8537, 8540], [8540, 8541], [8540, 8542], [8542, 8536], [8550, 8551], [8550, 8552], [8552, 8554], [8554, 8555], [8554, 8557], [8562, 8565], [8592, 8593], [8592, 8594], [8612, 8613], [8612, 8626], [8613, 8619], [8629, 8630], [8629, 8631], [8643, 8644], [8643, 8648], [8648, 8649], [8648, 8656], [8660, 8664], [8667, 8668], [8675, 8680], [8681, 8688], [8691, 8692], [8691, 8693], [8708, 8709], [8708, 8710], [8719, 8723], [8737, 8738], [8737, 8739], [8748, 8752], [8762, 8763], [8762, 8764], [8780, 8784], [8784, 8787], [8802, 8803], [8802, 8805], [8810, 8811], [8810, 8814], [8830, 8831], [8834, 8835], [8834, 8837], [8852, 8853], [8852, 8854], [8871, 8872], [8871, 8873], [8893, 8894], [8893, 8895], [8911, 8915], [8917, 8920], [8928, 8929], [8928, 8939], [8931, 8933], [8945, 8946], [8945, 8950], [8951, 8956], [8960, 8961], [8960, 8962], [8981, 8982], [8983, 8995], [9001, 9002], [9001, 9011], [9002, 9001], [9002, 9003], [9005, 9009], [9011, 9012], [9011, 9013], [9013, 9014], [9020, 9021], [9020, 9022], [9040, 9044], [9049, -9049], [9049, 9049], [9049, 9050], [9050, -9050], [9050, 9050], [9050, 9053], [9058, 9066], [9067, -9067], [9067, 9067], [9067, 9069], [9071, 9072], [9071, 9097], [9075, 9076], [9075, 9079], [9076, -9076], [9076, 9077], [9076, 9079], [9082, 9083], [9089, 9092], [9100, 9101], [9100, 9102], [9115, 9116], [9115, 9117], [9137, 9138], [9137, 9139], [9148, 9149], [9148, 9150], [9157, 9160], [9165, 9166], [9165, 9167], [9187, 9188], [9187, 9189], [9208, 9209], [9208, 9214], [9209, 9208], [9209, 9210], [9219, 9220], [9219, 9221], [9248, 9249], [9299, 9300], [9299, 9310], [9300, 9301], [9310, 9311], [9310, 9313], [9344, 9345], [9344, 9346], [9359, 9360], [9359, 9361], [9367, 9370], [9373, 9374], [9373, 9375], [9381, 9385], [9388, 9389], [9388, 9390], [9400, 9401], [9408, 9409], [9416, 9417], [9416, 9418], [9425, 9427], [9430, 9431], [9430, 9432], [9439, 9441], [9444, 9445], [9444, 9446], [9459, 9461], [9464, 9465], [9464, 9466], [9473, 9474], [9479, 9480], [9479, 9482], [9515, -9515], [9515, 9516], [9574, 9575], [9574, 9589], [9576, 9574], [9590, 9603], [9635, -9635], [9635, 9635], [9635, 9636], [9637, -9637], [9637, 9637], [9637, 9638], [9642, 9643], [9642, 9649], [9643, 9644], [9644, 9643], [9644, 9645], [9649, 9650], [9649, 9667], [9651, 9652], [9652, 9651], [9652, 9653], [9656, 9657], [9656, 9661], [9658, 9659], [9658, 9661], [9683, 9687], [9710, 9711], [9710, 9713], [9723, 9725], [9723, 9726], [9738, 9739], [9762, 9766], [9766, 9767], [9766, 9771], [9771, 9772], [9771, 9783], [9773, -9773], [9773, 9773], [9773, 9774], [9774, 9775], [9775, 9776], [9791, 9794], [9796, 9797], [9796, 9799], [9803, 9804], [9803, 9806], [9809, 9810], [9809, 9811], [9817, 9821], [9823, 9827], [9827, 9831], [9833, 9834], [9833, 9841], [9834, 9835], [9834, 9836], [9836, 9837], [9836, 9839], [9885, 9886], [9885, 9896], [9889, 9890], [9889, 9893], [9897, 9898], [9897, 9900], [9900, 9901], [9900, 9903], [9929, 9930], [9929, 9951], [9930, 9932], [9930, 9940], [9932, 9933], [9932, 9937], [9940, 9929], [9940, 9941], [9947, 9948], [9947, 9949], [9951, 9953], [9993, 9994], [9993, 10000], [9994, 9995], [10031, 10034], [10034, -10034], [10034, 10034], [10034, 10035], [10034, 10037], [10042, 10043], [10042, 10049], [10046, 10049], [10059, 10060], [10059, 10063], [10060, 10059], [10060, 10061], [10066, 10067], [10066, 10068], [10082, 10083], [10082, 10084], [10095, 10098], [10102, 10103], [10102, 10104], [10115, 10118], [10119, -10119], [10119, 10120], [10128, 10129], [10128, 10130], [10141, 10142], [10141, 10143], [10229, 10233], [10235, 10239], [10240, 10244], [10244, 10245], [10244, 10248], [10246, 10244], [10253, 10254], [10257, 10261], [10261, 10262], [10261, 10265], [10268, -10268], [10268, 10269], [10291, 10292], [10291, 10299], [10294, 10295], [10343, 10345], [10343, 10351], [10353, 10354], [10353, 10355], [10360, -10360], [10360, 10360], [10360, 10361], [10360, 10362], [10366, -10364], [10366, 10367], [10366, 10368], [10373, 10378], [10386, 10387], [10386, 10389], [10389, -10383], [10389, 10390], [10389, 10411], [10390, 10389], [10390, 10391], [10394, 10395], [10394, 10398], [10417, 10418], [10417, 10440], [10418, 10421], [10422, -10422], [10422, 10422], [10422, 10423], [10423, -10423], [10423, 10423], [10423, 10424], [10423, 10436], [10436, 10438], [10478, 10479], [10478, 10488], [10502, 10517], [10572, 10575], [10584, 10586], [10590, 10591], [10590, 10601], [10598, 10600], [10617, 10623], [10634, -10634], [10634, 10635], [10646, 10647], [10646, 10649], [10649, 10650], [10649, 10651], [10658, 10660], [10660, 10662], [10666, -10664], [10666, 10667], [10682, 10684], [10682, 10689], [10685, 10686], [10689, 10690], [10690, 10691], [10691, 10692], [10705, 10707], [10710, 10711], [10710, 10712], [10731, 10732], [10731, 10733], [10751, 10752], [10751, 10753], [10753, -10749], [10753, 10755], [10755, -10749], [10755, 10756], [10755, 10770], [10758, 10761], [10761, 10762], [10761, 10769], [10764, 10766], [10775, -10772], [10775, 10776], [10775, 10777], [10782, -10779], [10782, 10783], [10782, 10787], [10784, 10785], [10784, 10786], [10792, -10789], [10792, 10793], [10792, 10794], [10795, 10796], [10795, 10797], [10801, -10799], [10801, 10802], [10801, 10803], [10809, 10810], [10809, 10811], [10833, 10834], [10833, 10835], [10844, 10845], [10844, 10846], [10846, 10847], [10846, 10851], [10847, 10848], [10847, 10850], [10856, 10857], [10856, 10858], [10858, 10859], [10858, 10860], [10899, -10896], [10899, 10900], [10899, 10905], [10901, 10903], [10914, -10912], [10914, 10915], [10914, 10916], [10921, 10922], [10921, 10923], [10924, 10926], [10942, 10943], [10942, 10948], [10946, 10942], [10957, 10958], [10957, 10961], [10985, 10986], [10986, 10987], [10986, 10990], [10991, 10992], [10992, 10993], [10992, 10996], [10997, 10998], [10998, 10999], [10998, 11002], [11007, 11012], [11012, 11013], [11012, 11019], [11014, 11012], [11020, 11025], [11029, 11031], [11031, 11032], [11031, 11034], [11034, 11035], [11034, 11038], [11036, 11038], [11064, 11066], [11066, 11067], [11066, 11068], [11074, 11075], [11076, 11078], [11078, 11074], [11078, 11079], [11080, 11081], [11080, 11084], [11085, 11086], [11086, -11086], [11086, -11070], [11086, 11086], [11136, 11137], [11136, 11138], [11142, 11143], [11142, 11145], [11146, -11141], [11149, 11150], [11150, 11155], [11155, 11161], [11177, 11183], [11195, 11196], [11195, 11202], [11221, 11223], [11230, 11231], [11256, -52]], "missing_branches": [[109, 110], [109, 112], [112, -104], [112, 113], [124, 125], [124, 126], [185, 186], [193, 194], [214, 215], [215, 216], [215, 217], [222, 227], [236, 237], [259, 260], [260, 262], [260, 264], [264, 266], [264, 271], [276, 278], [388, 391], [405, 406], [407, 411], [408, 410], [435, 437], [472, 474], [474, 475], [474, 477], [488, 490], [539, -538], [541, -540], [545, -544], [549, -548], [551, -550], [553, -552], [558, -555], [585, 586], [679, 680], [679, 681], [729, 730], [819, 822], [824, 825], [832, 834], [838, 839], [855, 858], [907, 930], [922, 925], [1017, 1018], [1022, 1027], [1122, 1123], [1126, 1132], [1141, 1145], [1173, 1174], [1176, 1177], [1220, 1225], [1225, 1230], [1248, 1250], [1273, 1285], [1280, 1283], [1309, 1315], [1324, 1329], [1460, 1461], [1464, 1465], [1469, 1470], [1473, 1474], [1483, 1484], [1496, 1497], [1496, 1502], [1497, 1498], [1497, 1499], [1588, -1584], [1589, -1584], [1606, 1607], [1609, 1610], [1614, 1615], [1618, 1619], [1644, 1645], [1667, 1670], [1698, 1699], [1708, 1709], [1715, 1716], [1715, 1717], [1722, 1723], [1748, 1750], [1775, 1776], [1787, 1788], [1787, 1789], [1801, 1802], [1870, 1872], [1895, 1899], [1939, -1938], [1960, -1958], [1960, 1961], [2045, 2046], [2053, 2076], [2061, 2062], [2069, 2070], [2073, 2053], [2117, 2123], [2137, 2138], [2137, 2141], [2142, 2143], [2142, 2145], [2156, 2157], [2156, 2160], [2162, 2163], [2162, 2166], [2167, 2168], [2167, 2170], [2171, 2173], [2171, 2178], [2173, 2174], [2173, 2175], [2236, 2235], [2267, 2268], [2351, 2352], [2353, 2354], [2353, 2356], [2363, 2365], [2365, 2366], [2365, 2368], [2421, 2422], [2421, 2423], [2423, 2425], [2423, 2426], [2426, 2427], [2426, 2428], [2436, 2437], [2436, 2438], [2438, 2439], [2438, 2441], [2449, 2450], [2449, 2452], [2450, 2451], [2450, 2457], [2452, 2453], [2452, 2456], [2453, 2454], [2453, 2457], [2462, 2464], [2462, 2467], [2467, 2469], [2467, 2472], [2476, 2477], [2476, 2480], [2482, 2483], [2482, 2485], [2483, 2484], [2483, 2500], [2485, 2486], [2485, 2488], [2486, 2487], [2486, 2500], [2488, 2489], [2488, 2491], [2489, 2490], [2489, 2500], [2491, 2492], [2491, 2494], [2492, 2493], [2492, 2500], [2494, 2495], [2494, 2498], [2495, 2496], [2495, 2500], [2504, 2505], [2504, 2506], [2506, 2507], [2506, 2508], [2542, 2543], [2542, 2544], [2548, 2549], [2548, 2550], [2574, 2575], [2574, 2576], [2576, 2577], [2576, 2578], [2578, 2579], [2578, 2580], [2584, 2585], [2584, 2587], [2596, -2596], [2596, 2597], [2600, 2601], [2600, 2624], [2601, 2602], [2601, 2624], [2602, 2603], [2602, 2604], [2604, 2605], [2604, 2607], [2607, 2608], [2607, 2610], [2610, 2611], [2610, 2612], [2612, 2613], [2612, 2624], [2613, 2614], [2613, 2624], [2614, 2615], [2614, 2616], [2616, 2617], [2616, 2618], [2618, 2619], [2618, 2620], [2620, 2621], [2620, 2622], [2622, 2623], [2622, 2624], [2628, 2630], [2628, 2637], [2630, 2631], [2630, 2633], [2633, 2634], [2633, 2636], [2637, 2638], [2637, 2639], [2696, 2697], [2696, 2698], [2711, 2712], [2711, 2713], [2713, 2714], [2713, 2715], [2715, 2716], [2715, 2717], [2754, 2755], [2754, 2776], [2757, 2758], [2757, 2760], [2758, 2759], [2758, 2776], [2760, 2761], [2760, 2763], [2761, 2762], [2761, 2776], [2763, 2766], [2763, 2769], [2767, 2768], [2767, 2776], [2769, 2772], [2769, 2776], [2773, 2774], [2773, 2776], [2776, 2777], [2776, 2778], [2815, 2817], [2840, -2840], [2840, 2841], [2845, 2846], [2845, 2847], [2847, 2848], [2847, 2849], [2849, 2850], [2849, 2851], [2851, 2852], [2851, 2853], [2853, 2854], [2853, 2856], [2856, 2857], [2856, 2858], [2858, 2859], [2858, 2860], [2860, 2861], [2860, 2862], [2862, 2863], [2862, 2864], [2864, 2865], [2864, 2866], [2866, 2867], [2866, 2868], [2868, 2869], [2868, 2870], [2870, 2871], [2870, 2872], [2872, 2873], [2872, 2874], [2874, 2875], [2874, 2876], [2876, 2877], [2876, 2878], [2878, 2879], [2878, 2880], [2884, 2886], [2886, 2889], [2908, 2909], [2908, 2910], [2998, 2999], [2998, 3001], [3016, -3016], [3016, 3017], [3019, 3020], [3019, 3025], [3020, 3021], [3020, 3025], [3021, 3022], [3021, 3025], [3022, 3023], [3022, 3025], [3023, 3024], [3023, 3025], [3029, 3030], [3029, 3031], [3031, 3032], [3031, 3033], [3101, 3102], [3101, 3103], [3122, -3122], [3122, 3123], [3126, 3127], [3126, 3142], [3127, 3128], [3127, 3142], [3128, 3129], [3128, 3142], [3129, 3130], [3129, 3142], [3130, 3131], [3130, 3142], [3131, 3132], [3131, 3142], [3132, 3133], [3132, 3142], [3133, 3134], [3133, 3142], [3134, 3135], [3134, 3142], [3135, 3136], [3135, 3142], [3136, 3137], [3136, 3142], [3137, 3138], [3137, 3142], [3138, 3139], [3138, 3142], [3139, 3140], [3139, 3142], [3140, 3141], [3140, 3142], [3146, 3147], [3146, 3148], [3148, 3149], [3148, 3150], [3258, 3259], [3258, 3260], [3260, 3261], [3260, 3262], [3262, 3263], [3262, 3264], [3264, 3265], [3264, 3266], [3266, 3267], [3266, 3268], [3268, 3269], [3268, 3270], [3270, 3271], [3270, 3272], [3272, 3273], [3272, 3274], [3278, 3279], [3278, 3280], [3280, 3281], [3280, 3282], [3314, 3315], [3314, 3317], [3317, 3318], [3317, 3321], [3323, 3324], [3323, 3327], [3331, -3330], [3332, 3333], [3337, -3336], [3338, 3339], [3343, -3342], [3343, 3344], [3344, -3342], [3344, 3345], [3349, -3348], [3349, 3350], [3350, -3348], [3350, 3351], [3361, 3362], [3361, 3364], [3362, 3361], [3362, 3363], [3382, 3383], [3382, 3384], [3400, 3402], [3420, 3421], [3443, 3444], [3447, 3451], [3448, 3449], [3462, 3463], [3466, 3470], [3477, 3480], [3548, 3554], [3552, 3553], [3575, 3578], [3579, 3580], [3579, 3582], [3582, 3583], [3582, 3587], [3583, 3582], [3583, 3584], [3584, 3585], [3584, 3586], [3604, 3607], [3607, 3608], [3607, 3621], [3613, 3614], [3613, 3619], [3675, 3676], [3687, 3688], [3692, -3664], [3717, 3718], [3717, 3720], [3731, 3737], [3738, 3739], [3738, 3743], [3751, 3752], [3762, 3763], [3770, 3771], [3867, 3871], [3884, 3885], [3884, 3886], [3887, 3888], [3887, 3889], [4046, 4049], [4053, 4054], [4062, 4063], [4071, 4072], [4071, 4074], [4097, 4098], [4100, 4110], [4122, 4124], [4179, 4182], [4189, 4190], [4191, 4192], [4191, 4199], [4193, 4194], [4193, 4196], [4199, 4200], [4201, 4202], [4201, 4209], [4203, 4204], [4203, 4207], [4211, 4233], [4219, 4220], [4221, 4215], [4221, 4223], [4263, 4266], [4268, 4273], [4285, 4286], [4285, 4289], [4312, 4313], [4313, 4314], [4313, 4319], [4321, 4322], [4322, 4323], [4322, 4328], [4338, 4339], [4338, 4344], [4350, 4353], [4386, 4387], [4386, 4391], [4485, 4492], [4505, 4506], [4514, 4516], [4535, 4538], [4596, 4597], [4598, 4600], [4637, 4642], [4695, 4696], [4723, 4724], [4728, 4729], [4731, 4734], [4736, 4737], [4737, 4738], [4737, 4740], [4758, 4760], [4773, 4774], [4781, 4782], [4783, -4783], [4783, 4784], [4784, 4785], [4784, 4786], [4832, 4834], [4848, 4849], [4865, 4866], [4869, 4870], [4873, 4874], [4914, -4914], [4914, 4916], [4916, 4917], [4916, 4918], [4938, -4938], [4938, 4940], [4940, 4941], [4940, 4942], [4961, 4963], [4994, 4997], [5024, 5025], [5029, 5030], [5080, -5080], [5080, -5077], [5105, 5109], [5109, -5102], [5109, 5110], [5121, 5122], [5127, 5125], [5137, 5138], [5170, 5174], [5175, 5176], [5175, 5177], [5176, -5176], [5176, 5175], [5177, 5178], [5177, 5180], [5178, -5178], [5178, 5177], [5180, 5181], [5180, 5191], [5181, 5180], [5181, 5182], [5184, 5181], [5184, 5185], [5256, 5257], [5287, 5288], [5313, 5317], [5323, 5324], [5327, 5328], [5333, 5308], [5340, 5341], [5342, 5343], [5342, 5352], [5343, 5342], [5343, 5344], [5344, 5345], [5344, 5346], [5347, 5342], [5347, 5348], [5348, -5339], [5348, 5349], [5390, 5391], [5402, 5400], [5403, 5400], [5410, 5411], [5410, 5413], [5411, 5410], [5411, 5412], [5438, 5439], [5438, 5441], [5439, 5438], [5439, 5440], [5544, 5545], [5572, 5573], [5572, 5576], [5582, 5583], [5582, 5585], [5600, 5601], [5600, 5602], [5616, 5617], [5616, 5620], [5620, 5621], [5620, 5624], [5627, 5628], [5627, 5659], [5639, -5639], [5639, 5640], [5653, 5654], [5653, 5657], [5688, 5689], [5701, 5702], [5707, 5708], [5711, 5712], [5735, 5739], [5765, 5768], [5784, 5787], [5815, 5818], [5829, 5831], [5844, 5841], [5852, 5857], [5853, 5857], [5863, 5864], [5882, 5883], [5883, 5884], [5883, 5886], [5886, 5887], [5887, 5888], [5887, 5890], [5888, -5888], [5888, 5892], [5890, -5890], [5890, 5892], [5892, 5893], [5895, 5896], [5895, 5905], [5899, 5900], [5899, 5902], [5902, 5903], [5902, 5913], [5906, 5907], [5906, 5909], [5927, 5928], [5932, 5933], [5938, 5939], [5942, 5943], [5982, 5983], [5988, 5989], [5997, 5998], [6011, 6012], [6013, 6014], [6137, 6138], [6208, 6209], [6212, 6213], [6223, 6228], [6262, 6263], [6271, 6287], [6272, 6273], [6281, 6282], [6310, 6314], [6312, 6310], [6324, 6325], [6327, 6328], [6335, 6336], [6342, 6356], [6348, 6349], [6353, 6355], [6374, 6375], [6374, 6379], [6375, 6376], [6375, 6377], [6380, 6381], [6380, 6384], [6392, 6393], [6396, 6397], [6398, 6399], [6417, 6419], [6439, 6440], [6444, 6445], [6451, 6454], [6454, -6454], [6454, 6458], [6465, 6466], [6487, 6488], [6529, 6530], [6529, 6532], [6538, -6538], [6538, 6539], [6544, 6545], [6563, 6564], [6594, 6595], [6603, 6604], [6620, 6621], [6624, 6625], [6630, 6633], [6657, 6658], [6663, 6665], [6683, 6684], [6692, 6693], [6715, 6716], [6724, 6725], [6748, 6749], [6760, 6761], [6762, 6764], [6789, 6790], [6800, 6801], [6805, 6806], [6854, 6856], [6889, 6890], [6902, 6903], [6912, 6923], [6938, 6939], [6943, 6944], [6998, 6990], [6999, 6990], [7000, 6990], [7001, 7003], [7003, 7004], [7049, 7050], [7054, 7055], [7127, 7128], [7131, 7132], [7142, 7158], [7151, 7153], [7151, 7155], [7158, 7159], [7158, 7162], [7164, 7165], [7164, 7169], [7186, -7186], [7186, 7187], [7206, 7207], [7276, 7277], [7296, 7297], [7300, 7301], [7305, 7306], [7311, 7312], [7320, 7321], [7321, 7322], [7321, 7323], [7323, 7324], [7326, 7328], [7326, 7329], [7338, 7339], [7344, 7345], [7372, 7378], [7387, 7388], [7387, 7432], [7388, 7389], [7388, 7391], [7393, 7394], [7393, 7396], [7399, 7402], [7399, 7405], [7414, 7415], [7414, 7417], [7418, 7419], [7418, 7421], [7422, 7423], [7422, 7425], [7427, 7428], [7427, 7430], [7432, 7433], [7432, 7435], [7446, 7447], [7496, 7497], [7498, 7499], [7498, 7503], [7505, 7506], [7521, 7522], [7521, 7524], [7532, 7535], [7542, 7543], [7542, 7544], [7544, 7545], [7544, 7548], [7549, 7551], [7549, 7554], [7557, 7558], [7557, 7561], [7561, 7562], [7561, 7565], [7572, 7573], [7572, 7579], [7581, 7582], [7581, 7585], [7603, 7604], [7603, 7606], [7609, 7610], [7609, 7632], [7610, 7611], [7610, 7613], [7613, 7614], [7613, 7617], [7614, 7609], [7614, 7615], [7618, 7619], [7618, 7621], [7621, 7609], [7621, 7623], [7628, 7609], [7628, 7629], [7629, 7628], [7629, 7630], [7632, 7633], [7632, 7635], [7635, -7635], [7635, 7637], [7638, 7639], [7638, 7643], [7645, 7646], [7645, 7647], [7661, 7662], [7682, 7683], [7684, 7685], [7684, 7686], [7693, 7694], [7704, 7708], [7720, -7717], [7727, 7728], [7730, 7731], [7730, 7733], [7735, 7738], [7740, 7723], [7754, 7755], [7758, 7759], [7765, 7766], [7775, 7776], [7797, 7798], [7808, 7809], [7817, 7818], [7820, 7833], [7824, 7825], [7826, 7827], [7830, 7831], [7839, 7840], [7842, 7843], [7845, 7846], [7856, 7857], [7858, 7874], [7867, 7868], [7874, 7875], [7874, 7876], [7889, 7888], [7890, 7891], [7891, 7888], [7891, 7892], [7899, 7900], [7948, 7949], [7958, 7959], [7963, 7964], [7965, 7968], [7987, 7988], [7993, 7996], [8021, 8025], [8026, 8027], [8026, 8028], [8050, 8051], [8100, 8101], [8101, -8101], [8101, 8102], [8188, 8189], [8192, 8193], [8285, 8286], [8304, 8305], [8337, 8358], [8344, 8358], [8427, 8428], [8431, 8432], [8433, 8434], [8433, 8437], [8471, 8472], [8483, 8495], [8484, 8488], [8488, 8489], [8488, 8493], [8524, 8525], [8528, 8531], [8542, 8543], [8544, 8536], [8544, 8545], [8552, 8553], [8562, 8563], [8613, 8614], [8614, 8615], [8614, 8616], [8616, 8617], [8616, 8619], [8660, 8661], [8667, 8675], [8675, 8676], [8681, 8682], [8684, 8685], [8684, 8686], [8719, 8720], [8748, 8749], [8780, 8781], [8784, 8785], [8830, 8849], [8911, 8912], [8917, 8918], [8931, 8932], [8951, 8952], [8981, 8986], [8983, 8984], [8986, 8987], [8986, 8992], [8988, 8989], [8988, 8995], [9005, 9006], [9013, 9016], [9040, 9041], [9058, 9059], [9062, 9063], [9062, 9066], [9082, 9086], [9089, 9090], [9123, 9124], [9123, 9127], [9128, 9129], [9128, 9131], [9157, 9158], [9180, 9181], [9180, 9183], [9248, 9252], [9252, 9253], [9252, 9254], [9280, 9281], [9280, 9285], [9282, 9283], [9282, 9287], [9287, 9288], [9287, 9292], [9289, 9290], [9289, 9293], [9300, 9308], [9367, 9368], [9381, 9382], [9383, 9384], [9383, 9385], [9400, 9402], [9408, 9413], [9425, 9426], [9439, 9440], [9459, 9460], [9473, 9475], [9576, 9577], [9578, 9574], [9578, 9579], [9580, 9574], [9580, 9581], [9581, 9582], [9581, 9585], [9582, 9580], [9582, 9583], [9585, 9580], [9585, 9586], [9586, 9580], [9586, 9587], [9590, 9591], [9597, 9598], [9597, 9603], [9617, 9618], [9617, 9622], [9618, 9617], [9618, 9619], [9643, 9642], [9651, 9649], [9683, 9684], [9738, 9740], [9762, 9763], [9774, 9781], [9775, 9779], [9791, 9792], [9817, 9818], [9823, 9824], [9827, 9828], [9857, 9859], [9857, 9861], [9859, -9859], [9859, -9854], [9861, 9863], [9861, 9866], [9863, -9863], [9863, -9854], [9866, -9866], [9866, -9854], [9920, 9921], [9920, 9923], [9951, 9952], [9971, 9972], [9971, 9975], [9975, 9976], [9975, 9977], [9994, 9998], [10016, 10017], [10016, 10020], [10031, 10032], [10046, 10047], [10095, 10096], [10115, 10116], [10158, 10159], [10158, 10162], [10163, 10164], [10163, 10167], [10177, -10177], [10177, 10179], [10196, 10197], [10196, 10203], [10206, 10207], [10206, 10208], [10229, 10230], [10235, 10236], [10240, 10241], [10246, 10247], [10253, 10265], [10257, 10258], [10279, -10277], [10279, 10280], [10280, -10277], [10280, 10281], [10282, 10283], [10282, 10284], [10294, 10296], [10373, 10374], [10418, 10419], [10436, 10437], [10444, -10442], [10444, 10445], [10445, 10446], [10445, 10447], [10450, -10450], [10450, 10454], [10502, 10503], [10506, 10507], [10506, 10517], [10511, 10512], [10511, 10517], [10523, 10524], [10523, 10546], [10529, 10530], [10529, 10531], [10531, 10532], [10531, 10533], [10533, 10534], [10533, 10536], [10539, 10540], [10539, 10546], [10546, 10547], [10546, 10564], [10551, -10551], [10551, 10552], [10555, 10556], [10555, 10559], [10556, 10555], [10556, 10557], [10565, 10566], [10565, 10567], [10572, 10574], [10584, 10585], [10598, 10599], [10605, 10606], [10605, 10607], [10617, 10620], [10658, 10659], [10660, 10661], [10685, -10680], [10689, -10680], [10690, -10680], [10691, -10680], [10705, 10706], [10753, 10754], [10758, 10759], [10764, 10765], [10901, 10902], [10924, 10925], [10946, 10947], [10985, 10990], [10991, 10996], [10997, 11002], [11007, 11008], [11014, 11015], [11020, 11021], [11021, 11022], [11021, 11025], [11029, 11030], [11036, 11037], [11064, 11065], [11074, 11087], [11076, 11077], [11077, -11077], [11077, -11070], [11085, 11074], [11146, 11147], [11149, -52], [11150, 11151], [11155, 11156], [11177, 11178], [11221, 11225], [11230, 11247], [11256, 11257]]}}, "totals": {"covered_lines": 5759, "num_statements": 7601, "percent_covered": 71.4510575504181, "percent_covered_display": "71", "missing_lines": 1842, "excluded_lines": 0, "num_branches": 2564, "num_partial_branches": 416, "covered_branches": 1504, "missing_branches": 1060}}